Determining if the function sgemm_ exists failed with the following output:
Change Dir: /share/home/srwang/ExSCF/pyphf/CMakeFiles/CMakeTmp

Run Build Command(s):/usr/bin/gmake cmTC_93d46/fast 
/usr/bin/gmake -f CMakeFiles/cmTC_93d46.dir/build.make CMakeFiles/cmTC_93d46.dir/build
gmake[1]: Entering directory `/share/home/srwang/ExSCF/pyphf/CMakeFiles/CMakeTmp'
Building C object CMakeFiles/cmTC_93d46.dir/CheckFunctionExists.c.o
/usr/bin/cc   -Wall  -DCHECK_FUNCTION_EXISTS=sgemm_   -o CMakeFiles/cmTC_93d46.dir/CheckFunctionExists.c.o   -c /share/apps/GCC/gcc8/share/cmake-3.14/Modules/CheckFunctionExists.c
Linking C executable cmTC_93d46
/share/apps/GCC/gcc8/bin/cmake -E cmake_link_script CMakeFiles/cmTC_93d46.dir/link.txt --verbose=1
/usr/bin/cc -Wall  -DCHECK_FUNCTION_EXISTS=sgemm_    -rdynamic CMakeFiles/cmTC_93d46.dir/CheckFunctionExists.c.o  -o cmTC_93d46 
CMakeFiles/cmTC_93d46.dir/CheckFunctionExists.c.o: In function `main':
CheckFunctionExists.c:(.text+0x10): undefined reference to `sgemm_'
collect2: error: ld returned 1 exit status
gmake[1]: *** [cmTC_93d46] Error 1
gmake[1]: Leaving directory `/share/home/srwang/ExSCF/pyphf/CMakeFiles/CMakeTmp'
gmake: *** [cmTC_93d46/fast] Error 2


Determining if the pthread_create exist failed with the following output:
Change Dir: /share/home/srwang/ExSCF/pyphf/CMakeFiles/CMakeTmp

Run Build Command(s):/usr/bin/gmake cmTC_78f5b/fast 
/usr/bin/gmake -f CMakeFiles/cmTC_78f5b.dir/build.make CMakeFiles/cmTC_78f5b.dir/build
gmake[1]: Entering directory `/share/home/srwang/ExSCF/pyphf/CMakeFiles/CMakeTmp'
Building C object CMakeFiles/cmTC_78f5b.dir/CheckSymbolExists.c.o
/usr/bin/cc   -Wall     -o CMakeFiles/cmTC_78f5b.dir/CheckSymbolExists.c.o   -c /share/home/srwang/ExSCF/pyphf/CMakeFiles/CMakeTmp/CheckSymbolExists.c
Linking C executable cmTC_78f5b
/share/apps/GCC/gcc8/bin/cmake -E cmake_link_script CMakeFiles/cmTC_78f5b.dir/link.txt --verbose=1
/usr/bin/cc -Wall      -rdynamic CMakeFiles/cmTC_78f5b.dir/CheckSymbolExists.c.o  -o cmTC_78f5b 
CMakeFiles/cmTC_78f5b.dir/CheckSymbolExists.c.o: In function `main':
CheckSymbolExists.c:(.text+0x16): undefined reference to `pthread_create'
collect2: error: ld returned 1 exit status
gmake[1]: *** [cmTC_78f5b] Error 1
gmake[1]: Leaving directory `/share/home/srwang/ExSCF/pyphf/CMakeFiles/CMakeTmp'
gmake: *** [cmTC_78f5b/fast] Error 2

File /share/home/srwang/ExSCF/pyphf/CMakeFiles/CMakeTmp/CheckSymbolExists.c:
/* */
#include <pthread.h>

int main(int argc, char** argv)
{
  (void)argv;
#ifndef pthread_create
  return ((int*)(&pthread_create))[argc];
#else
  (void)argc;
  return 0;
#endif
}

Determining if the function pthread_create exists in the pthreads failed with the following output:
Change Dir: /share/home/srwang/ExSCF/pyphf/CMakeFiles/CMakeTmp

Run Build Command(s):/usr/bin/gmake cmTC_d1f70/fast 
/usr/bin/gmake -f CMakeFiles/cmTC_d1f70.dir/build.make CMakeFiles/cmTC_d1f70.dir/build
gmake[1]: Entering directory `/share/home/srwang/ExSCF/pyphf/CMakeFiles/CMakeTmp'
Building C object CMakeFiles/cmTC_d1f70.dir/CheckFunctionExists.c.o
/usr/bin/cc   -Wall  -DCHECK_FUNCTION_EXISTS=pthread_create   -o CMakeFiles/cmTC_d1f70.dir/CheckFunctionExists.c.o   -c /share/apps/GCC/gcc8/share/cmake-3.14/Modules/CheckFunctionExists.c
Linking C executable cmTC_d1f70
/share/apps/GCC/gcc8/bin/cmake -E cmake_link_script CMakeFiles/cmTC_d1f70.dir/link.txt --verbose=1
/usr/bin/cc -Wall  -DCHECK_FUNCTION_EXISTS=pthread_create    -rdynamic CMakeFiles/cmTC_d1f70.dir/CheckFunctionExists.c.o  -o cmTC_d1f70 -lpthreads 
/usr/bin/ld: cannot find -lpthreads
collect2: error: ld returned 1 exit status
gmake[1]: *** [cmTC_d1f70] Error 1
gmake[1]: Leaving directory `/share/home/srwang/ExSCF/pyphf/CMakeFiles/CMakeTmp'
gmake: *** [cmTC_d1f70/fast] Error 2


