generating fragment guess
fragments: [('N', [0.0, 0.0, 0.0])] [('N', [0.0, 0.0, 0.9])]
converged SCF energy = -54.3911145621998  <S^2> = 3.7540306  2S+1 = 4.0020148
converged SCF energy = -54.3911145621998  <S^2> = 3.7540306  2S+1 = 4.0020148
       na   nb
atom1   5    2
atom2   2    5


******** <class 'pyscf.scf.uhf.UHF'> ********
method = UHF
initial guess = minao
damping factor = 0
level_shift factor = 0
DIIS = <class 'pyscf.scf.diis.CDIIS'>
diis_start_cycle = 1
diis_space = 8
SCF conv_tol = 1e-09
SCF conv_tol_grad = None
SCF max_cycles = 2
direct_scf = True
direct_scf_tol = 1e-13
chkfile to save SCF result = /share/home/srwang/ExSCF/examples/tmpq9hh5wl6
max_memory 4000 MB (current use 110 MB)
number electrons alpha = 7  beta = 7
Set gradient conv threshold to 3.16228e-05
E1 = -203.16362140400017  Ecoul = 63.63495433172697
init E= -110.717907811073
cond(S) = 1228.6412240833454
    CPU time for initialize scf      0.04 sec, wall time      0.01 sec
  alpha nocc = 7  HOMO = -0.265457355230808  LUMO = 0.231866045053779
  beta  nocc = 7  HOMO = -0.265457355230802  LUMO = 0.231866045053779
  alpha mo_energy =
[-15.86911409 -15.81933163  -2.01293249  -0.89301163  -0.82113257
  -0.82113257  -0.26545736   0.23186605   0.23186605   0.58020983
   0.7310013    0.7591546    0.7591546    0.96906875   1.05385533
   1.05385533   1.39990119   1.64217023   1.64217023   1.84785736
   2.05316215   2.05316215   2.40471391   2.40471391   2.90785216
   3.16215247   3.16215247   4.04886963]
  beta  mo_energy =
[-15.86911409 -15.81933163  -2.01293249  -0.89301163  -0.82113257
  -0.82113257  -0.26545736   0.23186605   0.23186605   0.58020983
   0.7310013    0.7591546    0.7591546    0.96906875   1.05385533
   1.05385533   1.39990119   1.64217023   1.64217023   1.84785736
   2.05316215   2.05316215   2.40471391   2.40471391   2.90785216
   3.16215247   3.16215247   4.04886963]
multiplicity <S^2> = 0.8180002  2S+1 = 2.0668819
E1 = -203.70418949772028  Ecoul = 66.28085925503656
cycle= 1 E= -108.612570981484  delta_E= 2.11  |g|= 0.327  |ddm|= 1.29
    CPU time for cycle= 1      0.03 sec, wall time      0.01 sec
diis-norm(errvec)=0.657599
diis-c [-0.43243657  1.        ]
  alpha nocc = 7  HOMO = -0.576161351703734  LUMO = 0.300902533081231
  beta  nocc = 7  HOMO = -0.576161351703732  LUMO = 0.300902533081229
  alpha mo_energy =
[-15.63412666 -15.56947088  -1.62662592  -0.73692703  -0.73042206
  -0.73042206  -0.57616135   0.30090253   0.30090253   0.63108784
   0.75902806   0.79491817   0.79491817   1.03197707   1.12673876
   1.12673876   1.45108929   1.69900117   1.69900117   1.94369746
   2.13173317   2.13173317   2.45655356   2.45655356   2.98011356
   3.24855285   3.24855285   4.20677949]
  beta  mo_energy =
[-15.63412666 -15.56947088  -1.62662592  -0.73692703  -0.73042206
  -0.73042206  -0.57616135   0.30090253   0.30090253   0.63108784
   0.75902806   0.79491817   0.79491817   1.03197707   1.12673876
   1.12673876   1.45108929   1.69900117   1.69900117   1.94369746
   2.13173317   2.13173317   2.45655356   2.45655356   2.98011356
   3.24855285   3.24855285   4.20677949]
multiplicity <S^2> = 0.43448158  2S+1 = 1.654668
E1 = -203.89341541032422  Ecoul = 66.37052788966429
cycle= 2 E= -108.71212825946  delta_E= -0.0996  |g|= 0.171  |ddm|= 0.376
    CPU time for cycle= 2      0.03 sec, wall time      0.01 sec
    CPU time for scf_cycle      0.09 sec, wall time      0.02 sec
    CPU time for SCF      0.09 sec, wall time      0.02 sec
SCF not converged.
SCF energy = -108.71212825946 after 2 cycles  <S^2> = 0.43448158  2S+1 = 1.654668

******** <class 'pyphf.util.SUHF'> ********
max_cycle = 100
verbose: 4, normal
DIIS: <class 'pyscf.scf.diis.CDIIS'>
diis_start_cyc = 10
grids:  [0.06237655 0.31939555 0.74529195 1.28265786 1.85893479 2.39630071
 2.8221971  3.07921611] 
weights:  [0.15900941 0.34931531 0.49276925 0.56970235 0.56970235 0.49276925
 0.34931531 0.15900941]
S = 0.0, Sz = 0.0
Wigner small d:  1
value : [1. 1. 1. 1. 1. 1. 1. 1.]
time for Preparation before cyc: 0.005
**** Start Cycle 1 ****
time for NO, Ng: 0.010
time for Gg: 0.093
detC 1.0000000000000029
detNg [1.000423 1.011076 1.060114 1.175169 1.348265 1.513529 1.602822 1.624138]
xg [0.999578 0.989045 0.943295 0.850941 0.741694 0.660708 0.6239   0.615711]
ciS 1.598886283810494
ciH -220.04737510369415
S2 = 0.000000
Hsp + Hph =  -137.62540671702644
Alpha occ 7 vir 21; Beta occ 7 vir 21
Alpha energies:  [-15.582016  -1.612794  -0.720082  -0.71427   -0.71427   -0.605525] <- HOMO
         LUMO->  [0.296505 0.296505 0.629317 0.75828  0.799743 0.799743]
Beta energies:   [-15.582016  -1.612794  -0.720082  -0.71427   -0.71427   -0.605525] <- HOMO
         LUMO->  [0.296505 0.296505 0.629317 0.75828  0.799743 0.799743]
time for xg, H, S2, Yg, Feff: 0.020
 E(SUHF) =   -108.81464746
**** Start Cycle 2 ****
time for NO, Ng: 0.010
time for Gg: 0.093
detC 1.0000000000000029
detNg [1.000474 1.012444 1.067827 1.199566 1.402378 1.601027 1.710345 1.736644]
xg [0.999526 0.987708 0.936481 0.833635 0.713075 0.624599 0.584677 0.575823]
ciS 1.554611888416694
ciH -213.96091787870506
S2 = 0.000000
Hsp + Hph =  -137.62979652536632
Alpha occ 7 vir 21; Beta occ 7 vir 21
Alpha energies:  [-15.587243  -1.620189  -0.723444  -0.71889   -0.71889   -0.606852] <- HOMO
         LUMO->  [0.295354 0.295354 0.630198 0.75671  0.797111 0.797111]
Beta energies:   [-15.587243  -1.620189  -0.723444  -0.71889   -0.71889   -0.606852] <- HOMO
         LUMO->  [0.295354 0.295354 0.630198 0.75671  0.797111 0.797111]
time for xg, H, S2, Yg, Feff: 0.019
 E(SUHF) =   -108.81903726, delta E = -0.00438981, MaxD(dm) = 0.00913176, RMSD(dm) =  0.0430769
**** Start Cycle 3 ****
time for NO, Ng: 0.010
time for Gg: 0.093
detC 0.9999999999999998
detNg [1.00052  1.013663 1.074744 1.221803 1.452878 1.684467 1.814049 1.845445]
xg [0.99948  0.986521 0.930455 0.818463 0.688289 0.59366  0.551253 0.541875]
ciS 1.516299669255232
ciH -208.69221938488448
S2 = 0.000000
Hsp + Hph =  -137.63256935048258
Alpha occ 7 vir 21; Beta occ 7 vir 21
Alpha energies:  [-15.579003  -1.616918  -0.722277  -0.71731   -0.71731   -0.603243] <- HOMO
         LUMO->  [0.297604 0.297604 0.631085 0.757668 0.798065 0.798065]
Beta energies:   [-15.579003  -1.616918  -0.722277  -0.71731   -0.71731   -0.603243] <- HOMO
         LUMO->  [0.297604 0.297604 0.631085 0.757668 0.798065 0.798065]
time for xg, H, S2, Yg, Feff: 0.020
 E(SUHF) =   -108.82181009, delta E = -0.00277283, MaxD(dm) = 0.00690525, RMSD(dm) =  0.0361676
**** Start Cycle 4 ****
time for NO, Ng: 0.010
time for Gg: 0.093
detC 1.0000000000000027
detNg [1.000559 1.014685 1.080577 1.240803 1.496863 1.758449 1.906877 1.943056]
xg [0.999441 0.985528 0.925432 0.805929 0.668064 0.568683 0.524418 0.514653]
ciS 1.4850584961491902
ciH -204.39552414394922
S2 = 0.000000
Hsp + Hph =  -137.63466198399198
Alpha occ 7 vir 21; Beta occ 7 vir 21
Alpha energies:  [-15.575335  -1.616191  -0.722328  -0.717575  -0.717575  -0.601045] <- HOMO
         LUMO->  [0.298474 0.298474 0.631432 0.757832 0.797985 0.797985]
Beta energies:   [-15.575335  -1.616191  -0.722328  -0.717575  -0.717575  -0.601045] <- HOMO
         LUMO->  [0.298474 0.298474 0.631432 0.757832 0.797985 0.797985]
time for xg, H, S2, Yg, Feff: 0.019
 E(SUHF) =   -108.82390272, delta E = -0.00209263, MaxD(dm) = 0.00491032, RMSD(dm) =   0.030189
**** Start Cycle 5 ****
time for NO, Ng: 0.010
time for Gg: 0.093
detC -1.0
detNg [1.00059  1.015504 1.085273 1.256241 1.533096 1.820202 1.984915 2.025254]
xg [0.99941  0.984733 0.921427 0.796025 0.652275 0.54939  0.5038   0.493765]
ciS 1.4606824662121467
ciH -201.04280996735247
S2 = 0.000000
Hsp + Hph =  -137.6362177391629
Alpha occ 7 vir 21; Beta occ 7 vir 21
Alpha energies:  [-15.571215  -1.61471   -0.721821  -0.717399  -0.717399  -0.59889 ] <- HOMO
         LUMO->  [0.299543 0.299543 0.631724 0.758111 0.798164 0.798164]
Beta energies:   [-15.571215  -1.61471   -0.721821  -0.717399  -0.717399  -0.59889 ] <- HOMO
         LUMO->  [0.299543 0.299543 0.631724 0.758111 0.798164 0.798164]
time for xg, H, S2, Yg, Feff: 0.019
 E(SUHF) =   -108.82545848, delta E = -0.00155576, MaxD(dm) = 0.00390443, RMSD(dm) =  0.0250592
**** Start Cycle 6 ****
time for NO, Ng: 0.010
time for Gg: 0.093
detC 0.9999999999999999
detNg [1.000614 1.016137 1.088905 1.268244 1.561493 1.868988 2.046843 2.090553]
xg [0.999387 0.98412  0.918353 0.788492 0.640413 0.535049 0.488557 0.478342]
ciS 1.4423764581043725
ciH -198.52489001831896
S2 = 0.000000
Hsp + Hph =  -137.63736152434717
Alpha occ 7 vir 21; Beta occ 7 vir 21
Alpha energies:  [-15.567996  -1.613422  -0.721299  -0.71736   -0.71736   -0.597202] <- HOMO
         LUMO->  [0.300425 0.300425 0.631888 0.758262 0.798278 0.798278]
Beta energies:   [-15.567996  -1.613422  -0.721299  -0.71736   -0.71736   -0.597202] <- HOMO
         LUMO->  [0.300425 0.300425 0.631888 0.758262 0.798278 0.798278]
time for xg, H, S2, Yg, Feff: 0.019
 E(SUHF) =   -108.82660226, delta E = -0.00114379, MaxD(dm) = 0.00351423, RMSD(dm) =  0.0209415
**** Start Cycle 7 ****
time for NO, Ng: 0.010
time for Gg: 0.092
detC 1.0000000000000016
detNg [1.000632 1.016613 1.091644 1.277303 1.582981 1.906014 2.093926 2.140222]
xg [0.999369 0.983658 0.91605  0.7829   0.631719 0.524655 0.477572 0.467241]
ciS 1.4289646169652221
ciH -196.68012228442245
S2 = 0.000000
Hsp + Hph =  -137.6382031782731
Alpha occ 7 vir 21; Beta occ 7 vir 21
Alpha energies:  [-15.565285  -1.612144  -0.720698  -0.717308  -0.717308  -0.595829] <- HOMO
         LUMO->  [0.301215 0.301215 0.631972 0.75836  0.798406 0.798406]
Beta energies:   [-15.565285  -1.612144  -0.720698  -0.717308  -0.717308  -0.595829] <- HOMO
         LUMO->  [0.301215 0.301215 0.631972 0.75836  0.798406 0.798406]
time for xg, H, S2, Yg, Feff: 0.024
 E(SUHF) =   -108.82744392, delta E = -0.000841654, MaxD(dm) = 0.00312065, RMSD(dm) =  0.0176999
**** Start Cycle 8 ****
time for NO, Ng: 0.011
time for Gg: 0.092
detC 1.0000000000000013
detNg [1.000645 1.016968 1.093679 1.284023 1.598881 1.933364 2.128682 2.176881]
xg [0.999355 0.983315 0.914345 0.778802 0.625437 0.517233 0.469774 0.459373]
ciS 1.4192741624851224
ciH -195.34722996163595
S2 = 0.000000
Hsp + Hph =  -137.6388263276678
Alpha occ 7 vir 21; Beta occ 7 vir 21
Alpha energies:  [-15.56311   -1.610975  -0.720103  -0.717285  -0.717285  -0.594736] <- HOMO
         LUMO->  [0.301884 0.301884 0.63199  0.758402 0.798521 0.798521]
Beta energies:   [-15.56311   -1.610975  -0.720103  -0.717285  -0.717285  -0.594736] <- HOMO
         LUMO->  [0.301884 0.301884 0.63199  0.758402 0.798521 0.798521]
time for xg, H, S2, Yg, Feff: 0.019
 E(SUHF) =   -108.82806707, delta E = -0.000623149, MaxD(dm) = 0.00275461, RMSD(dm) =  0.0151218
**** Start Cycle 9 ****
time for NO, Ng: 0.010
time for Gg: 0.092
detC 0.9999999999999987
detNg [1.000655 1.017231 1.095186 1.288974 1.610517 1.953261 2.153893 2.203455]
xg [0.999345 0.983061 0.913087 0.775811 0.620919 0.511964 0.464276 0.453833]
ciS 1.412304351300694
ciH -194.3885690174199
S2 = 0.000000
Hsp + Hph =  -137.63929059511378
Alpha occ 7 vir 21; Beta occ 7 vir 21
Alpha energies:  [-15.56136   -1.609914  -0.719535  -0.717281  -0.717281  -0.593857] <- HOMO
         LUMO->  [0.302448 0.302448 0.631963 0.758406 0.798623 0.798623]
Beta energies:   [-15.56136   -1.609914  -0.719535  -0.717281  -0.717281  -0.593857] <- HOMO
         LUMO->  [0.302448 0.302448 0.631963 0.758406 0.798623 0.798623]
time for xg, H, S2, Yg, Feff: 0.019
 E(SUHF) =   -108.82853133, delta E = -0.000464267, MaxD(dm) = 0.00242141, RMSD(dm) =  0.0130154
**** Start Cycle 10 ****
time for NO, Ng: 0.010
time for Gg: 0.093
detC 1.0000000000000002
detNg [1.000662 1.017427 1.096306 1.292626 1.619007 1.967641 2.172022 2.222542]
xg [0.999338 0.982871 0.912154 0.773619 0.617662 0.508223 0.460401 0.449935]
ciS 1.4072822584401956
ciH -193.697820588269
S2 = 0.000000
Hsp + Hph =  -137.63963798062795
F(mod,ortho) updated with CDIIS
Alpha occ 7 vir 21; Beta occ 7 vir 21
Alpha energies:  [-15.559962  -1.608971  -0.719016  -0.717294  -0.717294  -0.593143] <- HOMO
         LUMO->  [0.302915 0.302915 0.631908 0.758383 0.79871  0.79871 ]
Beta energies:   [-15.559962  -1.608971  -0.719016  -0.717294  -0.717294  -0.593143] <- HOMO
         LUMO->  [0.302915 0.302915 0.631908 0.758383 0.79871  0.79871 ]
time for xg, H, S2, Yg, Feff: 0.021
 E(SUHF) =   -108.82887872, delta E = -0.000347386, MaxD(dm) = 0.00212123, RMSD(dm) =   0.011248
**** Start Cycle 11 ****
time for NO, Ng: 0.010
time for Gg: 0.093
detC 1.0000000000000013
detNg [1.000668 1.017574 1.097144 1.295333 1.625217 1.978024 2.185021 2.236205]
xg [0.999333 0.982729 0.911458 0.772002 0.615303 0.505555 0.457661 0.447186]
ciS 1.40364257057
ciH -193.19722094831104
S2 = 0.000000
Hsp + Hph =  -137.63989850340337
F(mod,ortho) updated with CDIIS
Alpha occ 7 vir 21; Beta occ 7 vir 21
Alpha energies:  [-15.552135  -1.603794  -0.717624  -0.717624  -0.7164    -0.589641] <- HOMO
         LUMO->  [0.305605 0.305605 0.631753 0.758427 0.799235 0.799235]
Beta energies:   [-15.552135  -1.603794  -0.717624  -0.717624  -0.7164    -0.589641] <- HOMO
         LUMO->  [0.305605 0.305605 0.631753 0.758427 0.799235 0.799235]
time for xg, H, S2, Yg, Feff: 0.020
 E(SUHF) =   -108.82913924, delta E = -0.000260523, MaxD(dm) =   0.012975, RMSD(dm) =  0.0683759
**** Start Cycle 12 ****
time for NO, Ng: 0.010
time for Gg: 0.092
detC 0.9999999999999984
detNg [1.000701 1.018453 1.102133 1.311393 1.661782 2.038656 2.260563 2.315511]
xg [0.999299 0.981881 0.907331 0.762548 0.601764 0.490519 0.442368 0.43187 ]
ciS 1.3827566726938327
ciH -190.3235043767849
S2 = -0.000000
Hsp + Hph =  -137.64063347892153
F(mod,ortho) updated with CDIIS
Alpha occ 7 vir 21; Beta occ 7 vir 21
Alpha energies:  [-15.557896  -1.601316  -0.717124  -0.717124  -0.712887  -0.587508] <- HOMO
         LUMO->  [0.30359  0.30359  0.628917 0.755656 0.798624 0.798624]
Beta energies:   [-15.557896  -1.601316  -0.717124  -0.717124  -0.712887  -0.587508] <- HOMO
         LUMO->  [0.30359  0.30359  0.628917 0.755656 0.798624 0.798624]
time for xg, H, S2, Yg, Feff: 0.020
 E(SUHF) =   -108.82987422, delta E = -0.000734976, MaxD(dm) = 0.00610965, RMSD(dm) =  0.0367647
**** Start Cycle 13 ****
time for NO, Ng: 0.010
time for Gg: 0.093
detC -0.9999999999999998
detNg [1.000661 1.017397 1.096027 1.290913 1.61235  1.952261 2.149936 2.198623]
xg [0.999339 0.9829   0.912386 0.774645 0.620213 0.512227 0.46513  0.45483 ]
ciS 1.4112217580742978
ciH -194.24122356918602
S2 = 0.000000
Hsp + Hph =  -137.64046823813186
F(mod,ortho) updated with CDIIS
Alpha occ 7 vir 21; Beta occ 7 vir 21
Alpha energies:  [-15.556001  -1.601961  -0.717477  -0.717477  -0.714132  -0.588513] <- HOMO
         LUMO->  [0.304398 0.304398 0.629864 0.756644 0.798916 0.798916]
Beta energies:   [-15.556001  -1.601961  -0.717477  -0.717477  -0.714132  -0.588513] <- HOMO
         LUMO->  [0.304398 0.304398 0.629864 0.756644 0.798916 0.798916]
time for xg, H, S2, Yg, Feff: 0.020
 E(SUHF) =   -108.82970898, delta E = 0.000165241, MaxD(dm) =  0.0033794, RMSD(dm) =  0.0174037
**** Start Cycle 14 ****
time for NO, Ng: 0.010
time for Gg: 0.092
detC 1.0000000000000056
detNg [1.000672 1.017691 1.097702 1.296354 1.624907 1.973342 2.176373 2.226419]
xg [0.999328 0.982617 0.910994 0.771394 0.61542  0.506755 0.45948  0.449152]
ciS 1.4038268836611467
ciH -193.22361543209954
S2 = 0.000000
Hsp + Hph =  -137.64062911245654
F(mod,ortho) updated with CDIIS
Alpha occ 7 vir 21; Beta occ 7 vir 21
Alpha energies:  [-15.553486  -1.602458  -0.717725  -0.717725  -0.715376  -0.588581] <- HOMO
         LUMO->  [0.30513  0.30513  0.630934 0.757735 0.799235 0.799235]
Beta energies:   [-15.553486  -1.602458  -0.717725  -0.717725  -0.715376  -0.588581] <- HOMO
         LUMO->  [0.30513  0.30513  0.630934 0.757735 0.799235 0.799235]
time for xg, H, S2, Yg, Feff: 0.020
 E(SUHF) =   -108.82986985, delta E = -0.000160874, MaxD(dm) = 0.00357625, RMSD(dm) =  0.0171496
**** Start Cycle 15 ****
time for NO, Ng: 0.010
time for Gg: 0.092
detC 1.000000000000002
detNg [1.000688 1.018099 1.100046 1.3041   1.643217 2.004748 2.216196 2.2684  ]
xg [0.999313 0.982223 0.909053 0.766812 0.608562 0.498816 0.451224 0.440839]
ciS 1.3932453808460987
ciH -191.76725300378502
S2 = -0.000000
Hsp + Hph =  -137.64068816601954
F(mod,ortho) updated with CDIIS
Alpha occ 7 vir 21; Beta occ 7 vir 21
Alpha energies:  [-15.553603  -1.603236  -0.718078  -0.718078  -0.716399  -0.588747] <- HOMO
         LUMO->  [0.305096 0.305096 0.631162 0.757894 0.79916  0.79916 ]
Beta energies:   [-15.553603  -1.603236  -0.718078  -0.718078  -0.716399  -0.588747] <- HOMO
         LUMO->  [0.305096 0.305096 0.631162 0.757894 0.79916  0.79916 ]
time for xg, H, S2, Yg, Feff: 0.020
 E(SUHF) =   -108.82992890, delta E = -5.90536e-05, MaxD(dm) = 0.000844512, RMSD(dm) = 0.00346036
**** Start Cycle 16 ****
time for NO, Ng: 0.015
time for Gg: 0.096
detC -1.0000000000000013
detNg [1.00069  1.01817  1.100456 1.305485 1.646588 2.010681 2.223821 2.276462]
xg [0.99931  0.982155 0.908715 0.765999 0.607317 0.497344 0.449677 0.439278]
ciS 1.3913230311408227
ciH -191.5026621456716
S2 = -0.000000
Hsp + Hph =  -137.6406900909618
F(mod,ortho) updated with CDIIS
Alpha occ 7 vir 21; Beta occ 7 vir 21
Alpha energies:  [-15.553575  -1.603067  -0.717993  -0.717993  -0.716306  -0.588568] <- HOMO
         LUMO->  [0.305075 0.305075 0.63109  0.75783  0.799164 0.799164]
Beta energies:   [-15.553575  -1.603067  -0.717993  -0.717993  -0.716306  -0.588568] <- HOMO
         LUMO->  [0.305075 0.305075 0.63109  0.75783  0.799164 0.799164]
time for xg, H, S2, Yg, Feff: 0.022
 E(SUHF) =   -108.82993083, delta E = -1.92494e-06, MaxD(dm) = 0.000336058, RMSD(dm) =   0.001552
**** Start Cycle 17 ****
time for NO, Ng: 0.011
time for Gg: 0.093
detC 1.0000000000000002
detNg [1.000689 1.018135 1.100254 1.304811 1.644972 2.007875 2.220239 2.272681]
xg [0.999311 0.982188 0.908881 0.766394 0.607913 0.498039 0.450402 0.440009]
ciS 1.3922432656459052
ciH -191.62932562982462
S2 = -0.000000
Hsp + Hph =  -137.64069136360433
F(mod,ortho) updated with CDIIS
Alpha occ 7 vir 21; Beta occ 7 vir 21
Alpha energies:  [-15.553623  -1.602931  -0.717985  -0.717985  -0.716263  -0.588321] <- HOMO
         LUMO->  [0.305008 0.305008 0.631007 0.757739 0.799129 0.799129]
Beta energies:   [-15.553623  -1.602931  -0.717985  -0.717985  -0.716263  -0.588321] <- HOMO
         LUMO->  [0.305008 0.305008 0.631007 0.757739 0.799129 0.799129]
time for xg, H, S2, Yg, Feff: 0.020
 E(SUHF) =   -108.82993210, delta E = -1.27264e-06, MaxD(dm) = 0.000292417, RMSD(dm) = 0.00148784
**** Start Cycle 18 ****
time for NO, Ng: 0.010
time for Gg: 0.092
detC 1.0000000000000064
detNg [1.000689 1.018117 1.100152 1.304453 1.644063 2.006217 2.218072 2.270381]
xg [0.999312 0.982205 0.908966 0.766605 0.608249 0.498451 0.450842 0.440455]
ciS 1.3927620493865025
ciH -191.70073248934062
S2 = -0.000000
Hsp + Hph =  -137.64069215827848
F(mod,ortho) updated with CDIIS
Alpha occ 7 vir 21; Beta occ 7 vir 21
Alpha energies:  [-15.553502  -1.602834  -0.717916  -0.717916  -0.716353  -0.588198] <- HOMO
         LUMO->  [0.305034 0.305034 0.630984 0.757733 0.799158 0.799158]
Beta energies:   [-15.553502  -1.602834  -0.717916  -0.717916  -0.716353  -0.588198] <- HOMO
         LUMO->  [0.305034 0.305034 0.630984 0.757733 0.799158 0.799158]
time for xg, H, S2, Yg, Feff: 0.020
 E(SUHF) =   -108.82993290, delta E = -7.94674e-07, MaxD(dm) = 0.000335733, RMSD(dm) = 0.00153356
**** Start Cycle 19 ****
time for NO, Ng: 0.010
time for Gg: 0.093
detC -0.999999999999999
detNg [1.000688 1.018101 1.100058 1.304133 1.643266 2.004789 2.216222 2.26842 ]
xg [0.999313 0.982221 0.909043 0.766793 0.608544 0.498806 0.451218 0.440835]
ciS 1.3932171002052858
ciH -191.76336658922236
S2 = -0.000000
Hsp + Hph =  -137.64069258191466
F(mod,ortho) updated with CDIIS
Alpha occ 7 vir 21; Beta occ 7 vir 21
Alpha energies:  [-15.553436  -1.602863  -0.717933  -0.717933  -0.716454  -0.588186] <- HOMO
         LUMO->  [0.305051 0.305051 0.631007 0.757757 0.799166 0.799166]
Beta energies:   [-15.553436  -1.602863  -0.717933  -0.717933  -0.716454  -0.588186] <- HOMO
         LUMO->  [0.305051 0.305051 0.631007 0.757757 0.799166 0.799166]
time for xg, H, S2, Yg, Feff: 0.020
 E(SUHF) =   -108.82993332, delta E = -4.23636e-07, MaxD(dm) = 0.000184021, RMSD(dm) = 0.000644801
**** Start Cycle 20 ****
time for NO, Ng: 0.010
time for Gg: 0.094
detC 1.0000000000000022
detNg [1.000688 1.018112 1.100119 1.304331 1.643724 2.00556  2.21719  2.269438]
xg [0.999312 0.98221  0.908993 0.766676 0.608375 0.498614 0.451021 0.440638]
ciS 1.3929553742749148
ciH -191.7273425762833
S2 = -0.000000
Hsp + Hph =  -137.64069267192752
F(mod,ortho) updated with CDIIS
Alpha occ 7 vir 21; Beta occ 7 vir 21
Alpha energies:  [-15.553519  -1.602866  -0.717972  -0.717972  -0.716552  -0.588116] <- HOMO
         LUMO->  [0.305004 0.305004 0.630972 0.757723 0.799144 0.799144]
Beta energies:   [-15.553519  -1.602866  -0.717972  -0.717972  -0.716552  -0.588116] <- HOMO
         LUMO->  [0.305004 0.305004 0.630972 0.757723 0.799144 0.799144]
time for xg, H, S2, Yg, Feff: 0.020
 E(SUHF) =   -108.82993341, delta E = -9.00129e-08, MaxD(dm) = 0.000201738, RMSD(dm) = 0.000817439
**** Start Cycle 21 ****
time for NO, Ng: 0.010
time for Gg: 0.093
detC -0.999999999999998
detNg [1.000688 1.018107 1.100092 1.304236 1.643484 2.005126 2.216624 2.268838]
xg [0.999312 0.982215 0.909015 0.766732 0.608463 0.498722 0.451137 0.440754]
ciS 1.3930922937904888
ciH -191.74618839976466
S2 = -0.000000
Hsp + Hph =  -137.64069276274523
F(mod,ortho) updated with CDIIS
Alpha occ 7 vir 21; Beta occ 7 vir 21
Alpha energies:  [-15.553496  -1.602872  -0.71798   -0.71798   -0.716581  -0.588096] <- HOMO
         LUMO->  [0.305007 0.305007 0.630979 0.75773  0.799143 0.799143]
Beta energies:   [-15.553496  -1.602872  -0.71798   -0.71798   -0.716581  -0.588096] <- HOMO
         LUMO->  [0.305007 0.305007 0.630979 0.75773  0.799143 0.799143]
time for xg, H, S2, Yg, Feff: 0.020
 E(SUHF) =   -108.82993350, delta E = -9.08177e-08, MaxD(dm) = 6.39387e-05, RMSD(dm) = 0.000219059
**** Start Cycle 22 ****
time for NO, Ng: 0.010
time for Gg: 0.092
detC -1.0000000000000047
detNg [1.000688 1.018111 1.100114 1.304308 1.643654 2.005414 2.216988 2.269221]
xg [0.999312 0.982211 0.908997 0.76669  0.608401 0.49865  0.451063 0.44068 ]
ciS 1.3929955929289504
ciH -191.73287843942865
S2 = -0.000000
Hsp + Hph =  -137.64069277224766
F(mod,ortho) updated with CDIIS
Alpha occ 7 vir 21; Beta occ 7 vir 21
Alpha energies:  [-15.553498  -1.602874  -0.717981  -0.717981  -0.716587  -0.588089] <- HOMO
         LUMO->  [0.305005 0.305005 0.630979 0.757729 0.799141 0.799141]
Beta energies:   [-15.553498  -1.602874  -0.717981  -0.717981  -0.716587  -0.588089] <- HOMO
         LUMO->  [0.305005 0.305005 0.630979 0.757729 0.799141 0.799141]
time for xg, H, S2, Yg, Feff: 0.020
 E(SUHF) =   -108.82993351, delta E = -9.50243e-09, MaxD(dm) = 1.29231e-05, RMSD(dm) = 4.7995e-05
**** Start Cycle 23 ****
time for NO, Ng: 0.010
time for Gg: 0.092
detC -1.000000000000003
detNg [1.000688 1.018111 1.100113 1.304307 1.643652 2.005411 2.216984 2.269217]
xg [0.999312 0.982211 0.908997 0.76669  0.608401 0.498651 0.451063 0.440681]
ciS 1.3929967077252168
ciH -191.73303188300474
S2 = -0.000000
Hsp + Hph =  -137.6406927738598
F(mod,ortho) updated with CDIIS
Alpha occ 7 vir 21; Beta occ 7 vir 21
Alpha energies:  [-15.553488  -1.602873  -0.717979  -0.717979  -0.716599  -0.588072] <- HOMO
         LUMO->  [0.305005 0.305005 0.630979 0.757731 0.799143 0.799143]
Beta energies:   [-15.553488  -1.602873  -0.717979  -0.717979  -0.716599  -0.588072] <- HOMO
         LUMO->  [0.305005 0.305005 0.630979 0.757731 0.799143 0.799143]
time for xg, H, S2, Yg, Feff: 0.020
 E(SUHF) =   -108.82993351, delta E = -1.61214e-09, MaxD(dm) = 3.30311e-05, RMSD(dm) = 0.000137102
**** Start Cycle 24 ****
time for NO, Ng: 0.010
time for Gg: 0.093
detC 1.0000000000000007
detNg [1.000688 1.018111 1.100114 1.30431  1.643656 2.005415 2.216988 2.269221]
xg [0.999312 0.982211 0.908996 0.766689 0.6084   0.49865  0.451062 0.44068 ]
ciS 1.392994042543175
ciH -191.7326650493885
S2 = -0.000000
Hsp + Hph =  -137.6406927766497
F(mod,ortho) updated with CDIIS
Alpha occ 7 vir 21; Beta occ 7 vir 21
Alpha energies:  [-15.553488  -1.602873  -0.71798   -0.71798   -0.716603  -0.588067] <- HOMO
         LUMO->  [0.305004 0.305004 0.630979 0.75773  0.799143 0.799143]
Beta energies:   [-15.553488  -1.602873  -0.71798   -0.71798   -0.716603  -0.588067] <- HOMO
         LUMO->  [0.305004 0.305004 0.630979 0.75773  0.799143 0.799143]
time for xg, H, S2, Yg, Feff: 0.021
 E(SUHF) =   -108.82993352, delta E = -2.7899e-09, MaxD(dm) = 1.29314e-05, RMSD(dm) = 5.08922e-05
**** Start Cycle 25 ****
time for NO, Ng: 0.010
time for Gg: 0.092
detC -0.9999999999999988
detNg [1.000688 1.018111 1.100113 1.304306 1.643643 2.00539  2.216953 2.269183]
xg [0.999312 0.982211 0.908997 0.766691 0.608405 0.498656 0.45107  0.440687]
ciS 1.3930015290957287
ciH -191.73369550424084
S2 = -0.000000
Hsp + Hph =  -137.64069277706062
F(mod,ortho) updated with CDIIS
Alpha occ 7 vir 21; Beta occ 7 vir 21
Alpha energies:  [-15.553487  -1.602873  -0.71798   -0.71798   -0.716604  -0.588065] <- HOMO
         LUMO->  [0.305004 0.305004 0.630979 0.75773  0.799143 0.799143]
Beta energies:   [-15.553487  -1.602873  -0.71798   -0.71798   -0.716604  -0.588065] <- HOMO
         LUMO->  [0.305004 0.305004 0.630979 0.75773  0.799143 0.799143]
time for xg, H, S2, Yg, Feff: 0.020
 E(SUHF) =   -108.82993352, delta E = -4.10921e-10, MaxD(dm) = 4.31682e-06, RMSD(dm) = 1.4222e-05
**** Start Cycle 26 ****
time for NO, Ng: 0.010
time for Gg: 0.093
detC 0.999999999999994
detNg [1.000688 1.018111 1.100113 1.304305 1.643641 2.005386 2.216947 2.269177]
xg [0.999312 0.982211 0.908997 0.766692 0.608405 0.498657 0.451071 0.440688]
ciS 1.3930025254249367
ciH -191.73383263978133
S2 = -0.000000
Hsp + Hph =  -137.640692777131
F(mod,ortho) updated with CDIIS
Alpha occ 7 vir 21; Beta occ 7 vir 21
Alpha energies:  [-15.553489  -1.602875  -0.717981  -0.717981  -0.716607  -0.588063] <- HOMO
         LUMO->  [0.305004 0.305004 0.630978 0.75773  0.799143 0.799143]
Beta energies:   [-15.553489  -1.602875  -0.717981  -0.717981  -0.716607  -0.588063] <- HOMO
         LUMO->  [0.305004 0.305004 0.630978 0.75773  0.799143 0.799143]
time for xg, H, S2, Yg, Feff: 0.020
 E(SUHF) =   -108.82993352, delta E = -7.03722e-11, MaxD(dm) = 6.3424e-06, RMSD(dm) = 2.12934e-05
**** Start Cycle 27 ****
time for NO, Ng: 0.010
time for Gg: 0.092
detC 0.9999999999999943
detNg [1.000688 1.018111 1.100114 1.304307 1.643645 2.005392 2.216954 2.269185]
xg [0.999312 0.982211 0.908997 0.766691 0.608404 0.498656 0.451069 0.440687]
ciS 1.3930002922982334
ciH -191.73352527079896
S2 = -0.000000
Hsp + Hph =  -137.64069277722012
F(mod,ortho) updated with CDIIS
Alpha occ 7 vir 21; Beta occ 7 vir 21
Alpha energies:  [-15.553488  -1.602875  -0.717981  -0.717981  -0.716608  -0.588062] <- HOMO
         LUMO->  [0.305003 0.305003 0.630978 0.757729 0.799143 0.799143]
Beta energies:   [-15.553488  -1.602875  -0.717981  -0.717981  -0.716608  -0.588062] <- HOMO
         LUMO->  [0.305003 0.305003 0.630978 0.757729 0.799143 0.799143]
time for xg, H, S2, Yg, Feff: 0.020
 E(SUHF) =   -108.82993352, delta E = -8.91305e-11, MaxD(dm) = 2.80993e-06, RMSD(dm) = 9.60102e-06
**** Start Cycle 28 ****
time for NO, Ng: 0.010
time for Gg: 0.092
detC 0.9999999999999996
detNg [1.000688 1.018111 1.100114 1.304309 1.643649 2.005398 2.216962 2.269193]
xg [0.999312 0.982211 0.908997 0.76669  0.608402 0.498654 0.451068 0.440685]
ciS 1.392998269524293
ciH -191.7332468548154
S2 = -0.000000
Hsp + Hph =  -137.64069277723655
F(mod,ortho) updated with CDIIS
Alpha occ 7 vir 21; Beta occ 7 vir 21
Alpha energies:  [-15.553489  -1.602876  -0.717981  -0.717981  -0.716608  -0.588062] <- HOMO
         LUMO->  [0.305003 0.305003 0.630978 0.757729 0.799143 0.799143]
Beta energies:   [-15.553489  -1.602876  -0.717981  -0.717981  -0.716608  -0.588062] <- HOMO
         LUMO->  [0.305003 0.305003 0.630978 0.757729 0.799143 0.799143]
time for xg, H, S2, Yg, Feff: 0.020
 E(SUHF) =   -108.82993352, delta E = -1.64277e-11, MaxD(dm) = 7.66532e-07, RMSD(dm) = 2.90659e-06
**** Start Cycle 29 ****
time for NO, Ng: 0.010
time for Gg: 0.092
detC -0.9999999999999958
detNg [1.000688 1.018111 1.100114 1.304309 1.64365  2.0054   2.216965 2.269196]
xg [0.999312 0.982211 0.908996 0.766689 0.608402 0.498654 0.451067 0.440685]
ciS 1.3929974255424087
ciH -191.7331306885684
S2 = -0.000000
Hsp + Hph =  -137.64069277723962
F(mod,ortho) updated with CDIIS
Alpha occ 7 vir 21; Beta occ 7 vir 21
Alpha energies:  [-15.553489  -1.602876  -0.717981  -0.717981  -0.716609  -0.588062] <- HOMO
         LUMO->  [0.305003 0.305003 0.630978 0.757729 0.799143 0.799143]
Beta energies:   [-15.553489  -1.602876  -0.717981  -0.717981  -0.716609  -0.588061] <- HOMO
         LUMO->  [0.305003 0.305003 0.630978 0.757729 0.799143 0.799143]
time for xg, H, S2, Yg, Feff: 0.020
 E(SUHF) =   -108.82993352, delta E = -3.06954e-12, MaxD(dm) = 7.00697e-07, RMSD(dm) = 3.3586e-06
**** Start Cycle 30 ****
time for NO, Ng: 0.010
time for Gg: 0.093
detC 1.0000000000000024
detNg [1.000688 1.018111 1.100115 1.30431  1.643653 2.005405 2.216971 2.269202]
xg [0.999312 0.982211 0.908996 0.766689 0.608401 0.498652 0.451066 0.440683]
ciS 1.392995949226969
ciH -191.73292748749088
S2 = -0.000000
Hsp + Hph =  -137.64069277724133
F(mod,ortho) updated with CDIIS
Alpha occ 7 vir 21; Beta occ 7 vir 21
Alpha energies:  [-15.553489  -1.602876  -0.717981  -0.717981  -0.716609  -0.588062] <- HOMO
         LUMO->  [0.305003 0.305003 0.630978 0.757729 0.799143 0.799143]
Beta energies:   [-15.553489  -1.602876  -0.717981  -0.717981  -0.716609  -0.588062] <- HOMO
         LUMO->  [0.305003 0.305003 0.630978 0.757729 0.799143 0.799143]
time for xg, H, S2, Yg, Feff: 0.020
 E(SUHF) =   -108.82993352, delta E = -1.7053e-12, MaxD(dm) = 1.23481e-07, RMSD(dm) = 5.38441e-07
**** Start Cycle 31 ****
time for NO, Ng: 0.010
time for Gg: 0.093
detC -1.0000000000000022
detNg [1.000688 1.018111 1.100115 1.30431  1.643653 2.005405 2.216971 2.269202]
xg [0.999312 0.982211 0.908996 0.766689 0.608401 0.498652 0.451066 0.440683]
ciS 1.392995914567598
ciH -191.73292271695138
S2 = -0.000000
Hsp + Hph =  -137.64069277724155
F(mod,ortho) updated with CDIIS
Alpha occ 7 vir 21; Beta occ 7 vir 21
Alpha energies:  [-15.553489  -1.602876  -0.717981  -0.717981  -0.716609  -0.588061] <- HOMO
         LUMO->  [0.305003 0.305003 0.630978 0.757729 0.799143 0.799143]
Beta energies:   [-15.553489  -1.602876  -0.717981  -0.717981  -0.716609  -0.588061] <- HOMO
         LUMO->  [0.305003 0.305003 0.630978 0.757729 0.799143 0.799143]
time for xg, H, S2, Yg, Feff: 0.020
 E(SUHF) =   -108.82993352, delta E = -2.27374e-13, MaxD(dm) = 7.23289e-08, RMSD(dm) = 3.26919e-07
**** Start Cycle 32 ****
time for NO, Ng: 0.010
time for Gg: 0.094
detC 1.0000000000000033
detNg [1.000688 1.018111 1.100115 1.30431  1.643653 2.005405 2.216971 2.269202]
xg [0.999312 0.982211 0.908996 0.766689 0.608401 0.498652 0.451066 0.440683]
ciS 1.3929959260612566
ciH -191.73292429894664
S2 = -0.000000
Hsp + Hph =  -137.64069277724167
F(mod,ortho) updated with CDIIS
Alpha occ 7 vir 21; Beta occ 7 vir 21
Alpha energies:  [-15.553489  -1.602876  -0.717981  -0.717981  -0.716609  -0.588062] <- HOMO
         LUMO->  [0.305003 0.305003 0.630978 0.757729 0.799143 0.799143]
Beta energies:   [-15.553489  -1.602876  -0.717981  -0.717981  -0.716609  -0.588062] <- HOMO
         LUMO->  [0.305003 0.305003 0.630978 0.757729 0.799143 0.799143]
time for xg, H, S2, Yg, Feff: 0.021
 E(SUHF) =   -108.82993352, delta E = -1.13687e-13, MaxD(dm) = 1.4975e-07, RMSD(dm) = 7.67383e-07
**** Start Cycle 33 ****
time for NO, Ng: 0.010
time for Gg: 0.093
detC -1.0000000000000013
detNg [1.000688 1.018111 1.100115 1.30431  1.643653 2.005404 2.21697  2.269201]
xg [0.999312 0.982211 0.908996 0.766689 0.608401 0.498653 0.451066 0.440684]
ciS 1.3929961894980987
ciH -191.73296055857617
S2 = -0.000000
Hsp + Hph =  -137.64069277724172
F(mod,ortho) updated with CDIIS
Alpha occ 7 vir 21; Beta occ 7 vir 21
Alpha energies:  [-15.553489  -1.602876  -0.717981  -0.717981  -0.716609  -0.588062] <- HOMO
         LUMO->  [0.305003 0.305003 0.630978 0.757729 0.799143 0.799143]
Beta energies:   [-15.553489  -1.602876  -0.717981  -0.717981  -0.716609  -0.588062] <- HOMO
         LUMO->  [0.305003 0.305003 0.630978 0.757729 0.799143 0.799143]
time for xg, H, S2, Yg, Feff: 0.020
 E(SUHF) =   -108.82993352, delta E = -5.68434e-14, MaxD(dm) = 2.64974e-08, RMSD(dm) = 1.20292e-07
**** Start Cycle 34 ****
time for NO, Ng: 0.010
time for Gg: 0.092
detC 1.0000000000000033
detNg [1.000688 1.018111 1.100115 1.30431  1.643652 2.005404 2.21697  2.269201]
xg [0.999312 0.982211 0.908996 0.766689 0.608401 0.498653 0.451066 0.440684]
ciS 1.3929962208014661
ciH -191.7329648671934
S2 = -0.000000
Hsp + Hph =  -137.64069277724175
F(mod,ortho) updated with CDIIS
Alpha occ 7 vir 21; Beta occ 7 vir 21
Alpha energies:  [-15.553489  -1.602876  -0.717981  -0.717981  -0.716609  -0.588062] <- HOMO
         LUMO->  [0.305003 0.305003 0.630978 0.757729 0.799143 0.799143]
Beta energies:   [-15.553489  -1.602876  -0.717981  -0.717981  -0.716609  -0.588062] <- HOMO
         LUMO->  [0.305003 0.305003 0.630978 0.757729 0.799143 0.799143]
time for xg, H, S2, Yg, Feff: 0.020

***************
SUHF converged at cycle 34
Final E(SUHF) =   -108.82993352, delta E = -2.84217e-14, MaxD(dm) = 1.07343e-08, RMSD(dm) = 4.51841e-08
time for cyc: 4.185
******* suhf density *****
Clebsch-Gordan coeff: < 0 0 0 0 | 0 0 > = 1
Clebsch-Gordan coeff: < 0 0 1 0 | 0 0 > = 0
xggint 1.0
SUHF NO occ alpha:  1.000000  0.999999  0.999439  0.998360  0.998163  0.985849  0.985849  0.014151  0.014151  0.001837  0.001640  0.000561  ...
SUHF NO occ beta:   1.000000  0.999999  0.999439  0.998360  0.998163  0.985849  0.985849  0.014151  0.014151  0.001837  0.001640  0.000561  ...
SUHF NO occ total:  1.999999  1.999999  1.998879  1.996721  1.996327  1.971698  1.971698  0.028302  0.028302  0.003673  0.003279  0.001121  0.000001  ...
core 5, active 4, external 19
time for dm: 0.047
time tot: 4.237
