generating fragment guess
fragments: [('Cr', [0.0, 0.0, 0.0])] [('Cr', [0.0, 0.0, 2.0])]
converged SCF energy = -1043.19707197031  <S^2> = 12.000015  2S+1 = 7.0000044
converged SCF energy = -1043.19707197031  <S^2> = 12.000015  2S+1 = 7.0000044
       na   nb
atom1  15    9
atom2   9   15


******** <class 'pyscf.scf.uhf.UHF'> ********
method = UHF
initial guess = minao
damping factor = 0
level_shift factor = 0
DIIS = <class 'pyscf.scf.diis.CDIIS'>
diis_start_cycle = 1
diis_space = 8
SCF conv_tol = 1e-09
SCF conv_tol_grad = None
SCF max_cycles = 2
direct_scf = True
direct_scf_tol = 1e-13
chkfile to save SCF result = /share/home/srwang/ExSCF/examples/tmpzgnkjkrh
max_memory 4000 MB (current use 112 MB)
number electrons alpha = 24  beta = 24
Set gradient conv threshold to 3.16228e-05
E1 = -3182.73714906442  Ecoul = 943.5851056444898
init E= -2086.74900667497
cond(S) = 797.0189216981248
    CPU time for initialize scf      0.79 sec, wall time      0.20 sec
  alpha nocc = 24  HOMO = -0.215258682206359  LUMO = 0.0281683128481529
  beta  nocc = 24  HOMO = -0.215258682206688  LUMO = 0.0281683128490836
  alpha mo_energy =
[-2.20394243e+02 -2.20391435e+02 -2.62755200e+01 -2.61765619e+01
 -2.22117654e+01 -2.22108201e+01 -2.22108201e+01 -2.21129488e+01
 -2.21119480e+01 -2.21119480e+01 -3.48308181e+00 -3.16420524e+00
 -2.30089501e+00 -2.28210689e+00 -2.28210689e+00 -1.88414294e+00
 -1.86777892e+00 -1.86777892e+00 -4.06069414e-01 -4.06069414e-01
 -3.94234812e-01 -3.91683083e-01 -3.91683083e-01 -2.15258682e-01
  2.81683128e-02  1.11434252e-01  1.25843062e-01  1.25843062e-01
  1.84837162e-01  2.73459380e-01  2.93074620e-01  2.93074620e-01
  3.55377169e-01  3.62198193e-01  3.62198193e-01  4.21231813e-01
  4.21231813e-01  5.12942277e-01  7.61948864e-01  7.61948864e-01
  8.93195666e-01  8.93195666e-01  9.31477067e-01  1.01596381e+00
  1.01596381e+00  1.12820740e+00  1.12820740e+00  1.13299927e+00
  3.19863729e+00  3.25365047e+00  3.25365047e+00  3.30637985e+00
  3.30637985e+00  3.31513314e+00  3.31513314e+00  3.54742541e+00
  3.54742541e+00  3.54913386e+00  3.54913386e+00  3.67018515e+00
  3.67018515e+00  3.67702638e+00]
  beta  mo_energy =
[-2.20394243e+02 -2.20391435e+02 -2.62755200e+01 -2.61765619e+01
 -2.22117654e+01 -2.22108201e+01 -2.22108201e+01 -2.21129488e+01
 -2.21119480e+01 -2.21119480e+01 -3.48308181e+00 -3.16420524e+00
 -2.30089501e+00 -2.28210689e+00 -2.28210689e+00 -1.88414294e+00
 -1.86777892e+00 -1.86777892e+00 -4.06069414e-01 -4.06069414e-01
 -3.94234812e-01 -3.91683083e-01 -3.91683083e-01 -2.15258682e-01
  2.81683128e-02  1.11434252e-01  1.25843062e-01  1.25843062e-01
  1.84837162e-01  2.73459380e-01  2.93074620e-01  2.93074620e-01
  3.55377169e-01  3.62198193e-01  3.62198193e-01  4.21231813e-01
  4.21231813e-01  5.12942277e-01  7.61948864e-01  7.61948864e-01
  8.93195666e-01  8.93195666e-01  9.31477067e-01  1.01596381e+00
  1.01596381e+00  1.12820740e+00  1.12820740e+00  1.13299927e+00
  3.19863729e+00  3.25365047e+00  3.25365047e+00  3.30637985e+00
  3.30637985e+00  3.31513314e+00  3.31513314e+00  3.54742541e+00
  3.54742541e+00  3.54913386e+00  3.54913386e+00  3.67018515e+00
  3.67018515e+00  3.67702638e+00]
multiplicity <S^2> = 5.3704239  2S+1 = 4.7414866
E1 = -3182.2428211435526  Ecoul = 943.5263903710779
cycle= 1 E= -2086.31339402751  delta_E= 0.436  |g|= 0.0508  |ddm|= 0.567
    CPU time for cycle= 1      0.06 sec, wall time      0.01 sec
diis-norm(errvec)=0.0855783
diis-c [-0.00732364  1.        ]
  alpha nocc = 24  HOMO = -0.226492101372624  LUMO = 0.0262618444390709
  beta  nocc = 24  HOMO = -0.226492101373602  LUMO = 0.0262618444402042
  alpha mo_energy =
[-2.20395086e+02 -2.20392783e+02 -2.62781619e+01 -2.61770092e+01
 -2.22138968e+01 -2.22132579e+01 -2.22132579e+01 -2.21156860e+01
 -2.21144959e+01 -2.21144959e+01 -3.48707416e+00 -3.14251146e+00
 -2.30173396e+00 -2.28719084e+00 -2.28719084e+00 -1.88006734e+00
 -1.86742879e+00 -1.86742879e+00 -4.12005272e-01 -4.07489134e-01
 -4.07489134e-01 -3.96968104e-01 -3.96968104e-01 -2.26492101e-01
  2.62618444e-02  1.10154530e-01  1.24545332e-01  1.24545332e-01
  1.82496688e-01  2.69135459e-01  2.89805208e-01  2.89805208e-01
  3.51630308e-01  3.60783909e-01  3.60783909e-01  4.20057452e-01
  4.20057452e-01  5.10990479e-01  7.59066385e-01  7.59066385e-01
  8.91195711e-01  8.91195711e-01  9.26821677e-01  1.01235357e+00
  1.01235357e+00  1.12475023e+00  1.12475023e+00  1.13058476e+00
  3.19338492e+00  3.24866022e+00  3.24866022e+00  3.30182269e+00
  3.30182269e+00  3.30862220e+00  3.30862220e+00  3.54283877e+00
  3.54283877e+00  3.54402938e+00  3.54402938e+00  3.66640627e+00
  3.66640627e+00  3.67357769e+00]
  beta  mo_energy =
[-2.20395086e+02 -2.20392783e+02 -2.62781619e+01 -2.61770092e+01
 -2.22138968e+01 -2.22132579e+01 -2.22132579e+01 -2.21156860e+01
 -2.21144959e+01 -2.21144959e+01 -3.48707416e+00 -3.14251146e+00
 -2.30173396e+00 -2.28719084e+00 -2.28719084e+00 -1.88006734e+00
 -1.86742879e+00 -1.86742879e+00 -4.12005272e-01 -4.07489134e-01
 -4.07489134e-01 -3.96968104e-01 -3.96968104e-01 -2.26492101e-01
  2.62618444e-02  1.10154530e-01  1.24545332e-01  1.24545332e-01
  1.82496688e-01  2.69135459e-01  2.89805208e-01  2.89805208e-01
  3.51630308e-01  3.60783909e-01  3.60783909e-01  4.20057452e-01
  4.20057452e-01  5.10990479e-01  7.59066385e-01  7.59066385e-01
  8.91195711e-01  8.91195711e-01  9.26821677e-01  1.01235357e+00
  1.01235357e+00  1.12475023e+00  1.12475023e+00  1.13058476e+00
  3.19338492e+00  3.24866022e+00  3.24866022e+00  3.30182269e+00
  3.30182269e+00  3.30862220e+00  3.30862220e+00  3.54283877e+00
  3.54283877e+00  3.54402938e+00  3.54402938e+00  3.66640627e+00
  3.66640627e+00  3.67357769e+00]
multiplicity <S^2> = 5.325181  2S+1 = 4.7223642
E1 = -3182.441732666668  Ecoul = 943.7220765007324
cycle= 2 E= -2086.31661942098  delta_E= -0.00323  |g|= 0.0186  |ddm|= 0.0919
    CPU time for cycle= 2      0.06 sec, wall time      0.01 sec
    CPU time for scf_cycle      0.90 sec, wall time      0.23 sec
    CPU time for SCF      0.90 sec, wall time      0.23 sec
SCF not converged.
SCF energy = -2086.31661942098 after 2 cycles  <S^2> = 5.325181  2S+1 = 4.7223642

******** <class 'pyphf.util.SUHF'> ********
max_cycle = 50
verbose: 4, normal
DIIS: <class 'pyscf.scf.diis.CDIIS'>
diis_start_cyc = 10
level shift: 0.500 a.u.
grids:  [0.06237655 0.31939555 0.74529195 1.28265786 1.85893479 2.39630071
 2.8221971  3.07921611] 
weights:  [0.15900941 0.34931531 0.49276925 0.56970235 0.56970235 0.49276925
 0.34931531 0.15900941]
S = 0.0, Sz = 0.0
Wigner small d:  1
value : [1. 1. 1. 1. 1. 1. 1. 1.]
time for Preparation before cyc: 0.005
**** Start Cycle 1 ****
time for NO, Ng: 0.021
time for Gg: 0.970
detC 0.9999999999999967
detNg [1.005194e+00 1.145962e+00 2.122642e+00 1.010225e+01 1.815032e+02 1.438878e+04 2.994986e+06 1.452692e+08]
xg [0.994833 0.872629 0.471111 0.098988 0.00551  0.000069 0.       0.      ]
ciS 0.32011466419731727
ciH -716.6504687416041
S2 = 0.000156
Hsp + Hph =  -2238.73052032338
level shift: 0.500 a.u.
Alpha occ 24 vir 38; Beta occ 24 vir 38
Alpha energies:  [-0.408499 -0.400664 -0.400664 -0.393643 -0.393643 -0.225545] <- HOMO
         LUMO->  [0.52687  0.610808 0.626926 0.626926 0.683907 0.770209]
Beta energies:   [-0.408499 -0.400664 -0.400664 -0.393643 -0.393643 -0.225545] <- HOMO
         LUMO->  [0.52687  0.610808 0.626926 0.626926 0.683907 0.770209]
time for xg, H, S2, Yg, Feff: 0.037
 E(SUHF) =  -2086.32748358
**** Start Cycle 2 ****
time for NO, Ng: 0.021
time for Gg: 0.982
detC 0.999999999999996
detNg [1.005184e+00 1.145647e+00 2.119178e+00 1.004140e+01 1.780361e+02 1.355813e+04 2.565236e+06 1.113354e+08]
xg [0.994843 0.872869 0.471881 0.099588 0.005617 0.000074 0.       0.      ]
ciS 0.3207861879064983
ciH -718.154066097205
S2 = 0.000154
Hsp + Hph =  -2238.7312583000926
level shift: 0.500 a.u.
Alpha occ 24 vir 38; Beta occ 24 vir 38
Alpha energies:  [-0.408859 -0.399474 -0.399474 -0.393846 -0.393846 -0.225607] <- HOMO
         LUMO->  [0.526972 0.61081  0.627166 0.627166 0.684201 0.770228]
Beta energies:   [-0.408859 -0.399474 -0.399474 -0.393846 -0.393846 -0.225607] <- HOMO
         LUMO->  [0.526972 0.61081  0.627166 0.627166 0.684201 0.770228]
time for xg, H, S2, Yg, Feff: 0.037
 E(SUHF) =  -2086.32822156, delta E = -0.000737977, MaxD(dm) = 0.00353154, RMSD(dm) =  0.0191141
**** Start Cycle 3 ****
time for NO, Ng: 0.029
time for Gg: 0.966
detC 1.0000000000000067
detNg [       1.005178        1.145464        2.117155       10.005499      175.971397    13073.766656  2338041.879915 95763530.767704]
xg [0.994849 0.873009 0.472332 0.099945 0.005683 0.000076 0.       0.      ]
ciS 0.3211843024701092
ciH -719.0454520582093
S2 = 0.000153
Hsp + Hph =  -2238.7316146159633
level shift: 0.500 a.u.
Alpha occ 24 vir 38; Beta occ 24 vir 38
Alpha energies:  [-0.408902 -0.398435 -0.398435 -0.393842 -0.393842 -0.225551] <- HOMO
         LUMO->  [0.527035 0.610905 0.627525 0.627525 0.684445 0.770204]
Beta energies:   [-0.408902 -0.398435 -0.398435 -0.393842 -0.393842 -0.225551] <- HOMO
         LUMO->  [0.527035 0.610905 0.627525 0.627525 0.684445 0.770204]
time for xg, H, S2, Yg, Feff: 0.034
 E(SUHF) =  -2086.32857787, delta E = -0.000356316, MaxD(dm) = 0.00270285, RMSD(dm) =  0.0143025
**** Start Cycle 4 ****
time for NO, Ng: 0.020
time for Gg: 0.964
detC 1.0000000000000029
detNg [       1.005174        1.145366        2.116067        9.985603      174.781289    12790.023193  2211475.272176 87904462.267665]
xg [0.994852 0.873083 0.472575 0.100144 0.005721 0.000078 0.       0.      ]
ciS 0.3214041102817603
ciH -719.5376056101776
S2 = 0.000152
Hsp + Hph =  -2238.731810179378
level shift: 0.500 a.u.
Alpha occ 24 vir 38; Beta occ 24 vir 38
Alpha energies:  [-0.408982 -0.397749 -0.397749 -0.393894 -0.393894 -0.225536] <- HOMO
         LUMO->  [0.527086 0.610965 0.627777 0.627777 0.684604 0.770191]
Beta energies:   [-0.408982 -0.397749 -0.397749 -0.393894 -0.393894 -0.225536] <- HOMO
         LUMO->  [0.527086 0.610965 0.627777 0.627777 0.684604 0.770191]
time for xg, H, S2, Yg, Feff: 0.034
 E(SUHF) =  -2086.32877343, delta E = -0.000195563, MaxD(dm) = 0.00209216, RMSD(dm) =  0.0110446
**** Start Cycle 5 ****
time for NO, Ng: 0.020
time for Gg: 0.959
detC -1.0000000000000042
detNg [       1.005173        1.145319        2.115518        9.974975      174.097662    12619.360786  2136880.655222 83611404.961595]
xg [0.994854 0.873119 0.472698 0.100251 0.005744 0.000079 0.       0.      ]
ciS 0.3215200078744535
ciH -719.7971062742708
S2 = 0.000153
Hsp + Hph =  -2238.7319253716114
level shift: 0.500 a.u.
Alpha occ 24 vir 38; Beta occ 24 vir 38
Alpha energies:  [-0.409038 -0.397258 -0.397258 -0.393937 -0.393937 -0.225536] <- HOMO
         LUMO->  [0.527128 0.61101  0.627972 0.627972 0.684716 0.770184]
Beta energies:   [-0.409038 -0.397258 -0.397258 -0.393937 -0.393937 -0.225536] <- HOMO
         LUMO->  [0.527128 0.61101  0.627972 0.627972 0.684716 0.770184]
time for xg, H, S2, Yg, Feff: 0.035
 E(SUHF) =  -2086.32888863, delta E = -0.000115192, MaxD(dm) = 0.00163492, RMSD(dm) = 0.00869828
**** Start Cycle 6 ****
time for NO, Ng: 0.022
time for Gg: 0.956
detC 1.0000000000000049
detNg [       1.005172        1.1453          2.115283        9.96978       173.713411    12514.876171  2091028.990454 81133414.423468]
xg [0.994854 0.873134 0.47275  0.100303 0.005757 0.00008  0.       0.      ]
ciS 0.3215748700213128
ciH -719.919950713432
S2 = 0.000153
Hsp + Hph =  -2238.7319962710962
level shift: 0.500 a.u.
Alpha occ 24 vir 38; Beta occ 24 vir 38
Alpha energies:  [-0.409088 -0.396912 -0.396912 -0.393983 -0.393983 -0.225547] <- HOMO
         LUMO->  [0.527162 0.611042 0.628118 0.628118 0.684794 0.770179]
Beta energies:   [-0.409088 -0.396912 -0.396912 -0.393983 -0.393983 -0.225547] <- HOMO
         LUMO->  [0.527162 0.611042 0.628118 0.628118 0.684794 0.770179]
time for xg, H, S2, Yg, Feff: 0.035
 E(SUHF) =  -2086.32895953, delta E = -7.08995e-05, MaxD(dm) = 0.00128672, RMSD(dm) = 0.00693769
**** Start Cycle 7 ****
time for NO, Ng: 0.020
time for Gg: 0.969
detC -0.999999999999995
detNg [       1.005172        1.145297        2.115228        9.967767      173.507984    12450.176821  2061863.41597  79638623.106985]
xg [0.994854 0.873136 0.472762 0.100323 0.005763 0.00008  0.       0.      ]
ciS 0.3215940529536755
ciH -719.962910589177
S2 = 0.000153
Hsp + Hph =  -2238.7320411453165
level shift: 0.500 a.u.
Alpha occ 24 vir 38; Beta occ 24 vir 38
Alpha energies:  [-0.409131 -0.396666 -0.396666 -0.394027 -0.394027 -0.225565] <- HOMO
         LUMO->  [0.527191 0.611065 0.628227 0.628227 0.684849 0.770176]
Beta energies:   [-0.409131 -0.396666 -0.396666 -0.394027 -0.394027 -0.225565] <- HOMO
         LUMO->  [0.527191 0.611065 0.628227 0.628227 0.684849 0.770176]
time for xg, H, S2, Yg, Feff: 0.035
 E(SUHF) =  -2086.32900440, delta E = -4.48742e-05, MaxD(dm) = 0.00101852, RMSD(dm) = 0.00558171
**** Start Cycle 8 ****
time for NO, Ng: 0.021
time for Gg: 0.971
detC 0.9999999999999898
detNg [       1.005172        1.145304        2.115278        9.967618      173.410723    12410.055016  2042804.462158 78703552.251593]
xg [0.994854 0.873131 0.472751 0.100325 0.005767 0.000081 0.       0.      ]
ciS 0.3215924679604237
ciH -719.959371519998
S2 = 0.000154
Hsp + Hph =  -2238.732070082558
level shift: 0.500 a.u.
Alpha occ 24 vir 38; Beta occ 24 vir 38
Alpha energies:  [-0.409168 -0.39649  -0.39649  -0.394071 -0.394071 -0.225588] <- HOMO
         LUMO->  [0.527215 0.611081 0.628309 0.628309 0.684887 0.770174]
Beta energies:   [-0.409168 -0.39649  -0.39649  -0.394071 -0.394071 -0.225588] <- HOMO
         LUMO->  [0.527215 0.611081 0.628309 0.628309 0.684887 0.770174]
time for xg, H, S2, Yg, Feff: 0.038
 E(SUHF) =  -2086.32903334, delta E = -2.89372e-05, MaxD(dm) = 0.000809984, RMSD(dm) = 0.00452001
**** Start Cycle 9 ****
time for NO, Ng: 0.024
time for Gg: 0.973
detC 1.0000000000000013
detNg [       1.005173        1.145315        2.115385        9.968548      173.379454    12385.495415  2030100.078099 78101080.867143]
xg [0.994854 0.873122 0.472727 0.100316 0.005768 0.000081 0.       0.      ]
ciS 0.3215789712942305
ciH -719.9291621823223
S2 = 0.000154
Hsp + Hph =  -2238.732088994771
level shift: 0.500 a.u.
Alpha occ 24 vir 38; Beta occ 24 vir 38
Alpha energies:  [-0.409201 -0.396365 -0.396365 -0.394112 -0.394112 -0.225613] <- HOMO
         LUMO->  [0.527237 0.611092 0.628369 0.628369 0.684914 0.770173]
Beta energies:   [-0.409201 -0.396365 -0.396365 -0.394112 -0.394112 -0.225613] <- HOMO
         LUMO->  [0.527237 0.611092 0.628369 0.628369 0.684914 0.770173]
time for xg, H, S2, Yg, Feff: 0.039
 E(SUHF) =  -2086.32905225, delta E = -1.89122e-05, MaxD(dm) = 0.000646622, RMSD(dm) = 0.00367971
**** Start Cycle 10 ****
time for NO, Ng: 0.021
time for Gg: 0.965
detC -0.9999999999999936
detNg [       1.005173        1.14533         2.115523        9.970087      173.388524    12371.003154  2021526.412979 77704191.027386]
xg [0.994853 0.873111 0.472696 0.1003   0.005767 0.000081 0.       0.      ]
ciS 0.32155888402447697
ciH -719.8841961833275
S2 = 0.000155
Hsp + Hph =  -2238.732101485121
F(mod,ortho) updated with CDIIS
level shift: 0.500 a.u.
Alpha occ 24 vir 38; Beta occ 24 vir 38
Alpha energies:  [-0.40923  -0.396276 -0.396276 -0.39415  -0.39415  -0.225638] <- HOMO
         LUMO->  [0.527255 0.611099 0.628414 0.628414 0.684933 0.770172]
Beta energies:   [-0.40923  -0.396276 -0.396276 -0.39415  -0.39415  -0.225638] <- HOMO
         LUMO->  [0.527255 0.611099 0.628414 0.628414 0.684933 0.770172]
time for xg, H, S2, Yg, Feff: 0.037
 E(SUHF) =  -2086.32906474, delta E = -1.24903e-05, MaxD(dm) = 0.000517856, RMSD(dm) = 0.00300965
**** Start Cycle 11 ****
time for NO, Ng: 0.022
time for Gg: 0.967
detC 0.9999999999999898
detNg [       1.005174        1.145345        2.115675        9.971947      173.421997    12363.133445  2015716.504567 77439072.547322]
xg [0.994853 0.873099 0.472662 0.100281 0.005766 0.000081 0.       0.      ]
ciS 0.32153544386104316
ciH -719.8317226129234
S2 = 0.000155
Hsp + Hph =  -2238.7321098074976
F(mod,ortho) updated with CDIIS
level shift: 0.500 a.u.
Alpha occ 24 vir 38; Beta occ 24 vir 38
Alpha energies:  [-0.409367 -0.395945 -0.395945 -0.394334 -0.394334 -0.225767] <- HOMO
         LUMO->  [0.527342 0.611122 0.628582 0.628582 0.685001 0.770168]
Beta energies:   [-0.409367 -0.395945 -0.395945 -0.394334 -0.394334 -0.225767] <- HOMO
         LUMO->  [0.527342 0.611122 0.628582 0.628582 0.685001 0.770168]
time for xg, H, S2, Yg, Feff: 0.037
 E(SUHF) =  -2086.32907306, delta E = -8.32238e-06, MaxD(dm) = 0.00112305, RMSD(dm) =  0.0065374
**** Start Cycle 12 ****
time for NO, Ng: 0.021
time for Gg: 0.975
detC -1.000000000000003
detNg [       1.005175        1.145378        2.115991        9.975849      173.495971    12348.348156  2004580.826293 76961828.022438]
xg [0.994852 0.873074 0.472592 0.100242 0.005764 0.000081 0.       0.      ]
ciS 0.3214864118252236
ciH -719.7219569817169
S2 = 0.000156
Hsp + Hph =  -2238.7321221308553
F(mod,ortho) updated with CDIIS
level shift: 0.500 a.u.
Alpha occ 24 vir 38; Beta occ 24 vir 38
Alpha energies:  [-0.409365 -0.395947 -0.395947 -0.394333 -0.394333 -0.225768] <- HOMO
         LUMO->  [0.527342 0.611122 0.628585 0.628585 0.685002 0.770168]
Beta energies:   [-0.409365 -0.395947 -0.395947 -0.394333 -0.394333 -0.225768] <- HOMO
         LUMO->  [0.527342 0.611122 0.628585 0.628585 0.685002 0.770168]
time for xg, H, S2, Yg, Feff: 0.039
 E(SUHF) =  -2086.32908539, delta E = -1.23234e-05, MaxD(dm) = 0.000536135, RMSD(dm) = 0.00326522
**** Start Cycle 13 ****
time for NO, Ng: 0.025
time for Gg: 0.957
detC -0.9999999999999992
detNg [       1.005176        1.145402        2.116231        9.979026      173.581528    12346.98621   2000317.213132 76769179.163593]
xg [0.994851 0.873056 0.472538 0.10021  0.005761 0.000081 0.       0.      ]
ciS 0.32144747178178923
ciH -719.6347817267904
S2 = 0.000157
Hsp + Hph =  -2238.7321254631174
F(mod,ortho) updated with CDIIS
level shift: 0.500 a.u.
Alpha occ 24 vir 38; Beta occ 24 vir 38
Alpha energies:  [-0.409425 -0.39604  -0.39604  -0.394417 -0.394417 -0.225813] <- HOMO
         LUMO->  [0.527344 0.611106 0.628539 0.628539 0.684969 0.770153]
Beta energies:   [-0.409425 -0.39604  -0.39604  -0.394417 -0.394417 -0.225813] <- HOMO
         LUMO->  [0.527344 0.611106 0.628539 0.628539 0.684969 0.770153]
time for xg, H, S2, Yg, Feff: 0.036
 E(SUHF) =  -2086.32908872, delta E = -3.33226e-06, MaxD(dm) = 0.000319144, RMSD(dm) = 0.00197262
**** Start Cycle 14 ****
time for NO, Ng: 0.021
time for Gg: 0.960
detC -0.9999999999999996
detNg [       1.005176        1.145426        2.116473        9.982431      173.697473    12355.808079  2000451.59874  76771643.204562]
xg [0.99485  0.873038 0.472484 0.100176 0.005757 0.000081 0.       0.      ]
ciS 0.32140663631225097
ciH -719.5433624358785
S2 = 0.000158
Hsp + Hph =  -2238.73212666596
F(mod,ortho) updated with CDIIS
level shift: 0.500 a.u.
Alpha occ 24 vir 38; Beta occ 24 vir 38
Alpha energies:  [-0.409405 -0.396044 -0.396044 -0.394406 -0.394406 -0.22582 ] <- HOMO
         LUMO->  [0.527351 0.611107 0.628542 0.628542 0.684972 0.77016 ]
Beta energies:   [-0.409405 -0.396044 -0.396044 -0.394406 -0.394406 -0.22582 ] <- HOMO
         LUMO->  [0.527351 0.611107 0.628542 0.628542 0.684972 0.77016 ]
time for xg, H, S2, Yg, Feff: 0.036
 E(SUHF) =  -2086.32908992, delta E = -1.20284e-06, MaxD(dm) = 0.000224741, RMSD(dm) = 0.00115434
**** Start Cycle 15 ****
time for NO, Ng: 0.021
time for Gg: 0.969
detC -0.9999999999999943
detNg [       1.005177        1.145444        2.116662        9.985142      173.794643    12364.830978  2001401.031453 76800397.652586]
xg [0.99485  0.873024 0.472442 0.100149 0.005754 0.000081 0.       0.      ]
ciS 0.3213743133382238
ciH -719.4710001045715
S2 = 0.000158
Hsp + Hph =  -2238.7321271298338
F(mod,ortho) updated with CDIIS
level shift: 0.500 a.u.
Alpha occ 24 vir 38; Beta occ 24 vir 38
Alpha energies:  [-0.409424 -0.396096 -0.396096 -0.394432 -0.394432 -0.225854] <- HOMO
         LUMO->  [0.527367 0.611096 0.628518 0.628518 0.684966 0.770165]
Beta energies:   [-0.409424 -0.396096 -0.396096 -0.394432 -0.394432 -0.225854] <- HOMO
         LUMO->  [0.527367 0.611096 0.628518 0.628518 0.684966 0.770165]
time for xg, H, S2, Yg, Feff: 0.034
 E(SUHF) =  -2086.32909038, delta E = -4.63874e-07, MaxD(dm) = 0.000201052, RMSD(dm) = 0.000856136
**** Start Cycle 16 ****
time for NO, Ng: 0.020
time for Gg: 0.970
detC -0.9999999999999951
detNg [       1.005178        1.145463        2.116853        9.987912      173.898526    12375.975224  2003190.610364 76856481.021875]
xg [0.994849 0.87301  0.472399 0.100121 0.00575  0.000081 0.       0.      ]
ciS 0.321341488650071
ciH -719.3975145024064
S2 = 0.000158
Hsp + Hph =  -2238.7321273842845
F(mod,ortho) updated with CDIIS
level shift: 0.500 a.u.
Alpha occ 24 vir 38; Beta occ 24 vir 38
Alpha energies:  [-0.409456 -0.396124 -0.396124 -0.39446  -0.39446  -0.22588 ] <- HOMO
         LUMO->  [0.527378 0.611088 0.628494 0.628494 0.684959 0.770162]
Beta energies:   [-0.409456 -0.396124 -0.396124 -0.39446  -0.39446  -0.22588 ] <- HOMO
         LUMO->  [0.527378 0.611088 0.628494 0.628494 0.684959 0.770162]
time for xg, H, S2, Yg, Feff: 0.038
 E(SUHF) =  -2086.32909064, delta E = -2.54451e-07, MaxD(dm) = 0.000174006, RMSD(dm) = 0.000679912
**** Start Cycle 17 ****
time for NO, Ng: 0.024
time for Gg: 0.980
detC -1.0000000000000087
detNg [       1.005178        1.14548         2.117026        9.990452      173.995695    12386.985964  2005196.758459 76926800.358401]
xg [0.994848 0.872997 0.472361 0.100096 0.005747 0.000081 0.       0.      ]
ciS 0.3213114602088569
ciH -719.3302889162029
S2 = 0.000159
Hsp + Hph =  -2238.7321275395166
F(mod,ortho) updated with CDIIS
level shift: 0.500 a.u.
Alpha occ 24 vir 38; Beta occ 24 vir 38
Alpha energies:  [-0.409451 -0.396122 -0.396122 -0.394454 -0.394454 -0.225896] <- HOMO
         LUMO->  [0.527391 0.611085 0.628486 0.628486 0.684962 0.770171]
Beta energies:   [-0.409451 -0.396122 -0.396122 -0.394454 -0.394454 -0.225896] <- HOMO
         LUMO->  [0.527391 0.611085 0.628486 0.628486 0.684962 0.770171]
time for xg, H, S2, Yg, Feff: 0.039
 E(SUHF) =  -2086.32909079, delta E = -1.55232e-07, MaxD(dm) = 0.000153012, RMSD(dm) = 0.00058333
**** Start Cycle 18 ****
time for NO, Ng: 0.022
time for Gg: 0.965
detC -1.0000000000000067
detNg [       1.005179        1.145495        2.117183        9.992758      174.084701    12397.315828  2007165.276238 76996636.104053]
xg [0.994848 0.872985 0.472326 0.100072 0.005744 0.000081 0.       0.      ]
ciS 0.3212842487037146
ciH -719.269369678068
S2 = 0.000159
Hsp + Hph =  -2238.7321276411894
F(mod,ortho) updated with CDIIS
level shift: 0.500 a.u.
Alpha occ 24 vir 38; Beta occ 24 vir 38
Alpha energies:  [-0.409476 -0.39614  -0.39614  -0.394476 -0.394476 -0.22591 ] <- HOMO
         LUMO->  [0.527396 0.611081 0.628475 0.628475 0.684958 0.770168]
Beta energies:   [-0.409476 -0.39614  -0.39614  -0.394476 -0.394476 -0.22591 ] <- HOMO
         LUMO->  [0.527396 0.611081 0.628475 0.628475 0.684958 0.770168]
time for xg, H, S2, Yg, Feff: 0.035
 E(SUHF) =  -2086.32909090, delta E = -1.01673e-07, MaxD(dm) = 0.000121052, RMSD(dm) = 0.00046187
**** Start Cycle 19 ****
time for NO, Ng: 0.020
time for Gg: 0.970
detC -0.9999999999999919
detNg [       1.005179        1.145507        2.11731         9.994635      174.157822    12406.007954  2008919.139944 77065176.479431]
xg [0.994848 0.872976 0.472297 0.100054 0.005742 0.000081 0.       0.      ]
ciS 0.32126212149253913
ciH -719.2198327986367
S2 = 0.000159
Hsp + Hph =  -2238.732127700712
F(mod,ortho) updated with CDIIS
level shift: 0.500 a.u.
Alpha occ 24 vir 38; Beta occ 24 vir 38
Alpha energies:  [-0.40948  -0.396136 -0.396136 -0.394479 -0.394479 -0.225919] <- HOMO
         LUMO->  [0.527402 0.611079 0.62847  0.62847  0.684958 0.77017 ]
Beta energies:   [-0.40948  -0.396136 -0.396136 -0.394479 -0.394479 -0.225919] <- HOMO
         LUMO->  [0.527402 0.611079 0.62847  0.62847  0.684958 0.77017 ]
time for xg, H, S2, Yg, Feff: 0.035
 E(SUHF) =  -2086.32909096, delta E = -5.95228e-08, MaxD(dm) = 9.88604e-05, RMSD(dm) = 0.000379373
**** Start Cycle 20 ****
time for NO, Ng: 0.020
time for Gg: 0.964
detC -1.0000000000000042
detNg [       1.00518         1.145517        2.117414        9.996163      174.217159    12413.012219  2010316.212461 77120426.639961]
xg [0.994847 0.872968 0.472274 0.100038 0.00574  0.000081 0.       0.      ]
ciS 0.3212441217589631
ciH -719.1795362281214
S2 = 0.000159
Hsp + Hph =  -2238.732127735985
F(mod,ortho) updated with CDIIS
level shift: 0.500 a.u.
Alpha occ 24 vir 38; Beta occ 24 vir 38
Alpha energies:  [-0.409481 -0.396134 -0.396134 -0.394479 -0.394479 -0.225919] <- HOMO
         LUMO->  [0.527403 0.611079 0.628469 0.628469 0.684958 0.77017 ]
Beta energies:   [-0.409481 -0.396134 -0.396134 -0.394479 -0.394479 -0.225919] <- HOMO
         LUMO->  [0.527403 0.611079 0.628469 0.628469 0.684958 0.77017 ]
time for xg, H, S2, Yg, Feff: 0.034
 E(SUHF) =  -2086.32909099, delta E = -3.52729e-08, MaxD(dm) = 6.59451e-05, RMSD(dm) = 0.000256724
**** Start Cycle 21 ****
time for NO, Ng: 0.020
time for Gg: 0.969
detC -1.0000000000000002
detNg [       1.00518         1.145524        2.117484        9.997196      174.257419    12417.800024  2011287.030441 77159901.352312]
xg [0.994847 0.872963 0.472259 0.100028 0.005739 0.000081 0.       0.      ]
ciS 0.3212319518438739
ciH -719.1522910536539
S2 = 0.000160
Hsp + Hph =  -2238.7321277529036
F(mod,ortho) updated with CDIIS
level shift: 0.500 a.u.
Alpha occ 24 vir 38; Beta occ 24 vir 38
Alpha energies:  [-0.409483 -0.396137 -0.396137 -0.394483 -0.394483 -0.225922] <- HOMO
         LUMO->  [0.527404 0.611078 0.628466 0.628466 0.684957 0.77017 ]
Beta energies:   [-0.409483 -0.396137 -0.396137 -0.394483 -0.394483 -0.225922] <- HOMO
         LUMO->  [0.527404 0.611078 0.628466 0.628466 0.684957 0.77017 ]
time for xg, H, S2, Yg, Feff: 0.036
 E(SUHF) =  -2086.32909101, delta E = -1.69184e-08, MaxD(dm) = 4.75552e-05, RMSD(dm) = 0.000190087
**** Start Cycle 22 ****
time for NO, Ng: 0.023
time for Gg: 0.963
detC 0.999999999999991
detNg [       1.00518         1.145529        2.117536        9.997962      174.287455    12421.425681  2012044.498763 77191516.823664]
xg [0.994847 0.872959 0.472247 0.10002  0.005738 0.000081 0.       0.      ]
ciS 0.3212229312978401
ciH -719.1320964703066
S2 = 0.000160
Hsp + Hph =  -2238.732127761833
F(mod,ortho) updated with CDIIS
level shift: 0.500 a.u.
Alpha occ 24 vir 38; Beta occ 24 vir 38
Alpha energies:  [-0.409484 -0.396137 -0.396137 -0.394484 -0.394484 -0.225923] <- HOMO
         LUMO->  [0.527405 0.611078 0.628466 0.628466 0.684957 0.770169]
Beta energies:   [-0.409484 -0.396137 -0.396137 -0.394484 -0.394484 -0.225923] <- HOMO
         LUMO->  [0.527405 0.611078 0.628466 0.628466 0.684957 0.770169]
time for xg, H, S2, Yg, Feff: 0.035
 E(SUHF) =  -2086.32909102, delta E = -8.92942e-09, MaxD(dm) = 3.27734e-05, RMSD(dm) = 0.000133248
**** Start Cycle 23 ****
time for NO, Ng: 0.020
time for Gg: 0.972
detC 0.999999999999994
detNg [       1.00518         1.145532        2.117571        9.998489      174.308027    12423.892334  2012555.509518 77213173.358146]
xg [0.994847 0.872957 0.472239 0.100015 0.005737 0.00008  0.       0.      ]
ciS 0.32121673506991394
ciH -719.1182247771796
S2 = 0.000160
Hsp + Hph =  -2238.732127766198
F(mod,ortho) updated with CDIIS
level shift: 0.500 a.u.
Alpha occ 24 vir 38; Beta occ 24 vir 38
Alpha energies:  [-0.409485 -0.396137 -0.396137 -0.394486 -0.394486 -0.225923] <- HOMO
         LUMO->  [0.527404 0.611078 0.628466 0.628466 0.684957 0.770168]
Beta energies:   [-0.409485 -0.396137 -0.396137 -0.394486 -0.394486 -0.225923] <- HOMO
         LUMO->  [0.527404 0.611078 0.628466 0.628466 0.684957 0.770168]
time for xg, H, S2, Yg, Feff: 0.037
 E(SUHF) =  -2086.32909102, delta E = -4.36512e-09, MaxD(dm) = 2.09673e-05, RMSD(dm) = 8.91193e-05
**** Start Cycle 24 ****
time for NO, Ng: 0.020
time for Gg: 0.974
detC -1.000000000000001
detNg [       1.00518         1.145535        2.117594        9.998817      174.320724    12425.369136  2012845.956606 77225581.893817]
xg [0.994847 0.872955 0.472234 0.100012 0.005737 0.00008  0.       0.      ]
ciS 0.3212128612374024
ciH -719.1095523045474
S2 = 0.000160
Hsp + Hph =  -2238.7321277682804
F(mod,ortho) updated with CDIIS
level shift: 0.500 a.u.
Alpha occ 24 vir 38; Beta occ 24 vir 38
Alpha energies:  [-0.409484 -0.396137 -0.396137 -0.394485 -0.394485 -0.225923] <- HOMO
         LUMO->  [0.527405 0.611078 0.628466 0.628466 0.684957 0.770168]
Beta energies:   [-0.409484 -0.396137 -0.396137 -0.394485 -0.394485 -0.225923] <- HOMO
         LUMO->  [0.527405 0.611078 0.628466 0.628466 0.684957 0.770168]
time for xg, H, S2, Yg, Feff: 0.035
 E(SUHF) =  -2086.32909102, delta E = -2.08229e-09, MaxD(dm) = 1.3846e-05, RMSD(dm) = 5.89949e-05
**** Start Cycle 25 ****
time for NO, Ng: 0.020
time for Gg: 0.972
detC 1.0000000000000047
detNg [       1.00518         1.145536        2.117609        9.999037      174.329252    12426.369113  2013044.23627  77233792.232178]
xg [0.994847 0.872954 0.472231 0.10001  0.005736 0.00008  0.       0.      ]
ciS 0.32121026932149455
ciH -719.1037496994329
S2 = 0.000160
Hsp + Hph =  -2238.7321277692176
F(mod,ortho) updated with CDIIS
level shift: 0.500 a.u.
Alpha occ 24 vir 38; Beta occ 24 vir 38
Alpha energies:  [-0.409485 -0.396138 -0.396138 -0.394486 -0.394486 -0.225923] <- HOMO
         LUMO->  [0.527404 0.611077 0.628466 0.628466 0.684957 0.770167]
Beta energies:   [-0.409485 -0.396138 -0.396138 -0.394486 -0.394486 -0.225923] <- HOMO
         LUMO->  [0.527404 0.611077 0.628466 0.628466 0.684957 0.770167]
time for xg, H, S2, Yg, Feff: 0.035
 E(SUHF) =  -2086.32909102, delta E = -9.37234e-10, MaxD(dm) = 9.20333e-06, RMSD(dm) = 4.2406e-05
**** Start Cycle 26 ****
time for NO, Ng: 0.023
time for Gg: 0.961
detC -0.9999999999999983
detNg [       1.00518         1.145537        2.117619        9.999187      174.335089    12427.063606  2013185.34984  77239607.351515]
xg [0.994847 0.872953 0.472229 0.100008 0.005736 0.00008  0.       0.      ]
ciS 0.32120850668689416
ciH -719.0998036328817
S2 = 0.000160
Hsp + Hph =  -2238.73212776971
F(mod,ortho) updated with CDIIS
level shift: 0.500 a.u.
Alpha occ 24 vir 38; Beta occ 24 vir 38
Alpha energies:  [-0.409485 -0.396139 -0.396139 -0.394486 -0.394486 -0.225923] <- HOMO
         LUMO->  [0.527404 0.611077 0.628466 0.628466 0.684957 0.770167]
Beta energies:   [-0.409485 -0.396139 -0.396139 -0.394486 -0.394486 -0.225923] <- HOMO
         LUMO->  [0.527404 0.611077 0.628466 0.628466 0.684957 0.770167]
time for xg, H, S2, Yg, Feff: 0.036
 E(SUHF) =  -2086.32909102, delta E = -4.92491e-10, MaxD(dm) = 6.21453e-06, RMSD(dm) = 2.85446e-05
**** Start Cycle 27 ****
time for NO, Ng: 0.020
time for Gg: 0.966
detC -1.0000000000000029
detNg [       1.00518         1.145538        2.117626        9.999291      174.339178    12427.557073  2013287.722093 77243734.713202]
xg [0.994847 0.872953 0.472227 0.100007 0.005736 0.00008  0.       0.      ]
ciS 0.3212072793097155
ciH -719.0970558642282
S2 = 0.000160
Hsp + Hph =  -2238.732127769926
F(mod,ortho) updated with CDIIS
level shift: 0.500 a.u.
Alpha occ 24 vir 38; Beta occ 24 vir 38
Alpha energies:  [-0.409485 -0.396139 -0.396139 -0.394486 -0.394486 -0.225923] <- HOMO
         LUMO->  [0.527404 0.611077 0.628466 0.628466 0.684957 0.770167]
Beta energies:   [-0.409485 -0.396139 -0.396139 -0.394486 -0.394486 -0.225923] <- HOMO
         LUMO->  [0.527404 0.611077 0.628466 0.628466 0.684957 0.770167]
time for xg, H, S2, Yg, Feff: 0.035
 E(SUHF) =  -2086.32909102, delta E = -2.16005e-10, MaxD(dm) = 4.27144e-06, RMSD(dm) = 1.96854e-05
**** Start Cycle 28 ****
time for NO, Ng: 0.020
time for Gg: 0.974
detC 0.9999999999999971
detNg [       1.00518         1.145538        2.117631        9.999363      174.342008    12427.899751  2013359.170847 77246600.203099]
xg [0.994846 0.872952 0.472226 0.100006 0.005736 0.00008  0.       0.      ]
ciS 0.3212064312604429
ciH -719.0951573091072
S2 = 0.000160
Hsp + Hph =  -2238.732127770024
F(mod,ortho) updated with CDIIS
level shift: 0.500 a.u.
Alpha occ 24 vir 38; Beta occ 24 vir 38
Alpha energies:  [-0.409485 -0.396139 -0.396139 -0.394486 -0.394486 -0.225923] <- HOMO
         LUMO->  [0.527404 0.611077 0.628466 0.628466 0.684957 0.770167]
Beta energies:   [-0.409485 -0.396139 -0.396139 -0.394486 -0.394486 -0.225923] <- HOMO
         LUMO->  [0.527404 0.611077 0.628466 0.628466 0.684957 0.770167]
time for xg, H, S2, Yg, Feff: 0.036
 E(SUHF) =  -2086.32909103, delta E = -9.77707e-11, MaxD(dm) = 2.79986e-06, RMSD(dm) = 1.30036e-05
**** Start Cycle 29 ****
time for NO, Ng: 0.022
time for Gg: 0.961
detC -0.9999999999999973
detNg [       1.00518         1.145538        2.117634        9.999411      174.343864    12428.125026  2013406.197367 77248456.526037]
xg [0.994846 0.872952 0.472225 0.100006 0.005736 0.00008  0.       0.      ]
ciS 0.3212058757148806
ciH -719.0939135914227
S2 = 0.000160
Hsp + Hph =  -2238.7321277700685
F(mod,ortho) updated with CDIIS
level shift: 0.500 a.u.
Alpha occ 24 vir 38; Beta occ 24 vir 38
Alpha energies:  [-0.409485 -0.396139 -0.396139 -0.394486 -0.394486 -0.225923] <- HOMO
         LUMO->  [0.527404 0.611077 0.628466 0.628466 0.684957 0.770167]
Beta energies:   [-0.409485 -0.396139 -0.396139 -0.394486 -0.394486 -0.225923] <- HOMO
         LUMO->  [0.527404 0.611077 0.628466 0.628466 0.684957 0.770167]
time for xg, H, S2, Yg, Feff: 0.035
 E(SUHF) =  -2086.32909103, delta E = -4.45652e-11, MaxD(dm) = 1.84271e-06, RMSD(dm) = 8.06093e-06
**** Start Cycle 30 ****
time for NO, Ng: 0.021
time for Gg: 0.968
detC 0.9999999999999964
detNg [       1.00518         1.145539        2.117636        9.999439      174.344977    12428.260302  2013434.616615 77249603.350866]
xg [0.994846 0.872952 0.472225 0.100006 0.005736 0.00008  0.       0.      ]
ciS 0.3212055428916561
ciH -719.0931684893828
S2 = 0.000160
Hsp + Hph =  -2238.732127770086
F(mod,ortho) updated with CDIIS
level shift: 0.500 a.u.
Alpha occ 24 vir 38; Beta occ 24 vir 38
Alpha energies:  [-0.409485 -0.396139 -0.396139 -0.394486 -0.394486 -0.225923] <- HOMO
         LUMO->  [0.527404 0.611077 0.628466 0.628466 0.684957 0.770167]
Beta energies:   [-0.409485 -0.396139 -0.396139 -0.394486 -0.394486 -0.225923] <- HOMO
         LUMO->  [0.527404 0.611077 0.628466 0.628466 0.684957 0.770167]
time for xg, H, S2, Yg, Feff: 0.036
 E(SUHF) =  -2086.32909103, delta E = -1.77351e-11, MaxD(dm) = 1.24177e-06, RMSD(dm) = 5.30568e-06
**** Start Cycle 31 ****
time for NO, Ng: 0.021
time for Gg: 0.970
detC 1.0000000000000087
detNg [       1.00518         1.145539        2.117637        9.999457      174.345699    12428.348587  2013453.302351 77250358.967879]
xg [0.994846 0.872952 0.472224 0.100005 0.005736 0.00008  0.       0.      ]
ciS 0.3212053271447639
ciH -719.0926854898864
S2 = 0.000160
Hsp + Hph =  -2238.7321277700944
F(mod,ortho) updated with CDIIS
level shift: 0.500 a.u.
Alpha occ 24 vir 38; Beta occ 24 vir 38
Alpha energies:  [-0.409485 -0.396139 -0.396139 -0.394486 -0.394486 -0.225923] <- HOMO
         LUMO->  [0.527404 0.611077 0.628466 0.628466 0.684957 0.770167]
Beta energies:   [-0.409485 -0.396139 -0.396139 -0.394486 -0.394486 -0.225923] <- HOMO
         LUMO->  [0.527404 0.611077 0.628466 0.628466 0.684957 0.770167]
time for xg, H, S2, Yg, Feff: 0.036
 E(SUHF) =  -2086.32909103, delta E = -8.18545e-12, MaxD(dm) = 8.13045e-07, RMSD(dm) = 3.46128e-06
**** Start Cycle 32 ****
time for NO, Ng: 0.021
time for Gg: 0.974
detC -0.9999999999999973
detNg [       1.00518         1.145539        2.117638        9.999469      174.346173    12428.406706  2013465.703369 77250864.207555]
xg [0.994846 0.872952 0.472224 0.100005 0.005736 0.00008  0.       0.      ]
ciS 0.32120518605543036
ciH -719.0923696286635
S2 = 0.000160
Hsp + Hph =  -2238.7321277700976
F(mod,ortho) updated with CDIIS
level shift: 0.500 a.u.
Alpha occ 24 vir 38; Beta occ 24 vir 38
Alpha energies:  [-0.409485 -0.396139 -0.396139 -0.394486 -0.394486 -0.225923] <- HOMO
         LUMO->  [0.527404 0.611077 0.628466 0.628466 0.684957 0.770167]
Beta energies:   [-0.409485 -0.396139 -0.396139 -0.394486 -0.394486 -0.225923] <- HOMO
         LUMO->  [0.527404 0.611077 0.628466 0.628466 0.684957 0.770167]
time for xg, H, S2, Yg, Feff: 0.036
 E(SUHF) =  -2086.32909103, delta E = -3.18323e-12, MaxD(dm) = 5.32667e-07, RMSD(dm) = 2.25435e-06
**** Start Cycle 33 ****
time for NO, Ng: 0.022
time for Gg: 0.973
detC -1.0000000000000047
detNg [       1.00518         1.145539        2.117638        9.999477      174.346481    12428.444694  2013473.857723 77251198.628169]
xg [0.994846 0.872952 0.472224 0.100005 0.005736 0.00008  0.       0.      ]
ciS 0.3212050942924672
ciH -719.0921641959706
S2 = 0.000160
Hsp + Hph =  -2238.7321277701
F(mod,ortho) updated with CDIIS
level shift: 0.500 a.u.
Alpha occ 24 vir 38; Beta occ 24 vir 38
Alpha energies:  [-0.409485 -0.396139 -0.396139 -0.394486 -0.394486 -0.225923] <- HOMO
         LUMO->  [0.527404 0.611077 0.628466 0.628466 0.684957 0.770167]
Beta energies:   [-0.409485 -0.396139 -0.396139 -0.394486 -0.394486 -0.225923] <- HOMO
         LUMO->  [0.527404 0.611077 0.628466 0.628466 0.684957 0.770167]
time for xg, H, S2, Yg, Feff: 0.037
 E(SUHF) =  -2086.32909103, delta E = -2.27374e-12, MaxD(dm) = 3.51715e-07, RMSD(dm) = 1.50935e-06
**** Start Cycle 34 ****
time for NO, Ng: 0.021
time for Gg: 0.975
detC -1.0000000000000022
detNg [       1.00518         1.145539        2.117639        9.999482      174.346689    12428.470578  2013479.513905 77251434.04741 ]
xg [0.994846 0.872952 0.472224 0.100005 0.005736 0.00008  0.       0.      ]
ciS 0.3212050327306033
ciH -719.0920263754481
S2 = 0.000160
Hsp + Hph =  -2238.7321277701003
F(mod,ortho) updated with CDIIS
level shift: 0.500 a.u.
Alpha occ 24 vir 38; Beta occ 24 vir 38
Alpha energies:  [-0.409485 -0.396139 -0.396139 -0.394486 -0.394486 -0.225923] <- HOMO
         LUMO->  [0.527404 0.611077 0.628466 0.628466 0.684957 0.770167]
Beta energies:   [-0.409485 -0.396139 -0.396139 -0.394486 -0.394486 -0.225923] <- HOMO
         LUMO->  [0.527404 0.611077 0.628466 0.628466 0.684957 0.770167]
time for xg, H, S2, Yg, Feff: 0.036
 E(SUHF) =  -2086.32909103, delta E = -4.54747e-13, MaxD(dm) = 2.28957e-07, RMSD(dm) = 9.97557e-07
**** Start Cycle 35 ****
time for NO, Ng: 0.021
time for Gg: 0.975
detC -0.9999999999999916
detNg [       1.00518         1.145539        2.117639        9.999486      174.346828    12428.487845  2013483.278047 77251590.70574 ]
xg [0.994846 0.872952 0.472224 0.100005 0.005736 0.00008  0.       0.      ]
ciS 0.3212049915768977
ciH -719.0919342433253
S2 = 0.000160
Hsp + Hph =  -2238.7321277701003
F(mod,ortho) updated with CDIIS
level shift: 0.500 a.u.
Alpha occ 24 vir 38; Beta occ 24 vir 38
Alpha energies:  [-0.409485 -0.396139 -0.396139 -0.394486 -0.394486 -0.225923] <- HOMO
         LUMO->  [0.527404 0.611077 0.628466 0.628466 0.684957 0.770167]
Beta energies:   [-0.409485 -0.396139 -0.396139 -0.394486 -0.394486 -0.225923] <- HOMO
         LUMO->  [0.527404 0.611077 0.628466 0.628466 0.684957 0.770167]
time for xg, H, S2, Yg, Feff: 0.036
 E(SUHF) =  -2086.32909103, delta E =          0, MaxD(dm) = 1.49964e-07, RMSD(dm) = 6.67208e-07
**** Start Cycle 36 ****
time for NO, Ng: 0.023
time for Gg: 0.969
detC -1.0000000000000107
detNg [       1.00518         1.145539        2.117639        9.999488      174.346922    12428.49951   2013485.812069 77251695.545902]
xg [0.994846 0.872952 0.472224 0.100005 0.005736 0.00008  0.       0.      ]
ciS 0.3212049637175504
ciH -719.0918718737095
S2 = 0.000160
Hsp + Hph =  -2238.7321277701
F(mod,ortho) updated with CDIIS
level shift: 0.500 a.u.
Alpha occ 24 vir 38; Beta occ 24 vir 38
Alpha energies:  [-0.409485 -0.396139 -0.396139 -0.394486 -0.394486 -0.225923] <- HOMO
         LUMO->  [0.527404 0.611077 0.628466 0.628466 0.684957 0.770167]
Beta energies:   [-0.409485 -0.396139 -0.396139 -0.394486 -0.394486 -0.225923] <- HOMO
         LUMO->  [0.527404 0.611077 0.628466 0.628466 0.684957 0.770167]
time for xg, H, S2, Yg, Feff: 0.035
 E(SUHF) =  -2086.32909103, delta E = 4.54747e-13, MaxD(dm) = 9.73885e-08, RMSD(dm) = 4.33691e-07
**** Start Cycle 37 ****
time for NO, Ng: 0.020
time for Gg: 0.968
detC 0.999999999999996
detNg [       1.00518         1.145539        2.117639        9.99949       174.346983    12428.507018  2013487.443394 77251762.764112]
xg [0.994846 0.872952 0.472224 0.100005 0.005736 0.00008  0.       0.      ]
ciS 0.32120494581354053
ciH -719.0918317914271
S2 = 0.000160
Hsp + Hph =  -2238.7321277700994
F(mod,ortho) updated with CDIIS
level shift: 0.500 a.u.
Alpha occ 24 vir 38; Beta occ 24 vir 38
Alpha energies:  [-0.409485 -0.396139 -0.396139 -0.394486 -0.394486 -0.225923] <- HOMO
         LUMO->  [0.527404 0.611077 0.628466 0.628466 0.684957 0.770167]
Beta energies:   [-0.409485 -0.396139 -0.396139 -0.394486 -0.394486 -0.225923] <- HOMO
         LUMO->  [0.527404 0.611077 0.628466 0.628466 0.684957 0.770167]
time for xg, H, S2, Yg, Feff: 0.036
 E(SUHF) =  -2086.32909103, delta E = 4.54747e-13, MaxD(dm) = 6.30714e-08, RMSD(dm) = 2.89365e-07
**** Start Cycle 38 ****
time for NO, Ng: 0.021
time for Gg: 0.975
detC -1.0
detNg [       1.00518         1.145539        2.117639        9.999491      174.347024    12428.51213   2013488.564501 77251809.462819]
xg [0.994846 0.872952 0.472224 0.100005 0.005736 0.00008  0.       0.      ]
ciS 0.3212049337072029
ciH -719.09180468858
S2 = 0.000160
Hsp + Hph =  -2238.7321277700994
F(mod,ortho) updated with CDIIS
level shift: 0.500 a.u.
Alpha occ 24 vir 38; Beta occ 24 vir 38
Alpha energies:  [-0.409485 -0.396139 -0.396139 -0.394486 -0.394486 -0.225923] <- HOMO
         LUMO->  [0.527404 0.611077 0.628466 0.628466 0.684957 0.770167]
Beta energies:   [-0.409485 -0.396139 -0.396139 -0.394486 -0.394486 -0.225923] <- HOMO
         LUMO->  [0.527404 0.611077 0.628466 0.628466 0.684957 0.770167]
time for xg, H, S2, Yg, Feff: 0.036
 E(SUHF) =  -2086.32909103, delta E =          0, MaxD(dm) = 4.00345e-08, RMSD(dm) = 1.83085e-07
**** Start Cycle 39 ****
time for NO, Ng: 0.021
time for Gg: 0.968
detC 0.9999999999999994
detNg [       1.00518         1.145539        2.117639        9.999491      174.34705     12428.515335  2013489.247546 77251837.745046]
xg [0.994846 0.872952 0.472224 0.100005 0.005736 0.00008  0.       0.      ]
ciS 0.32120492589873545
ciH -719.0917872075136
S2 = 0.000160
Hsp + Hph =  -2238.732127770101
F(mod,ortho) updated with CDIIS
level shift: 0.500 a.u.
Alpha occ 24 vir 38; Beta occ 24 vir 38
Alpha energies:  [-0.409485 -0.396139 -0.396139 -0.394486 -0.394486 -0.225923] <- HOMO
         LUMO->  [0.527404 0.611077 0.628466 0.628466 0.684957 0.770167]
Beta energies:   [-0.409485 -0.396139 -0.396139 -0.394486 -0.394486 -0.225923] <- HOMO
         LUMO->  [0.527404 0.611077 0.628466 0.628466 0.684957 0.770167]
time for xg, H, S2, Yg, Feff: 0.036
 E(SUHF) =  -2086.32909103, delta E = -1.81899e-12, MaxD(dm) = 2.85125e-08, RMSD(dm) = 1.35534e-07
**** Start Cycle 40 ****
time for NO, Ng: 0.023
time for Gg: 0.974
detC 0.9999999999999968
detNg [       1.00518         1.145539        2.117639        9.999492      174.34707     12428.51776   2013489.774174 77251859.489747]
xg [0.994846 0.872952 0.472224 0.100005 0.005736 0.00008  0.       0.      ]
ciS 0.32120492011040574
ciH -719.0917742489936
S2 = 0.000160
Hsp + Hph =  -2238.7321277701003
F(mod,ortho) updated with CDIIS
level shift: 0.500 a.u.
Alpha occ 24 vir 38; Beta occ 24 vir 38
Alpha energies:  [-0.409485 -0.396139 -0.396139 -0.394486 -0.394486 -0.225923] <- HOMO
         LUMO->  [0.527404 0.611077 0.628466 0.628466 0.684957 0.770167]
Beta energies:   [-0.409485 -0.396139 -0.396139 -0.394486 -0.394486 -0.225923] <- HOMO
         LUMO->  [0.527404 0.611077 0.628466 0.628466 0.684957 0.770167]
time for xg, H, S2, Yg, Feff: 0.037
 E(SUHF) =  -2086.32909103, delta E = 9.09495e-13, MaxD(dm) = 2.18022e-08, RMSD(dm) = 1.03773e-07
**** Start Cycle 41 ****
time for NO, Ng: 0.021
time for Gg: 0.966
detC 0.9999999999999966
detNg [       1.00518         1.145539        2.117639        9.999492      174.347084    12428.519621  2013490.180832 77251876.21649 ]
xg [0.994846 0.872952 0.472224 0.100005 0.005736 0.00008  0.       0.      ]
ciS 0.3212049157044836
ciH -719.0917643853143
S2 = 0.000160
Hsp + Hph =  -2238.7321277701003
F(mod,ortho) updated with CDIIS
level shift: 0.500 a.u.
Alpha occ 24 vir 38; Beta occ 24 vir 38
Alpha energies:  [-0.409485 -0.396139 -0.396139 -0.394486 -0.394486 -0.225923] <- HOMO
         LUMO->  [0.527404 0.611077 0.628466 0.628466 0.684957 0.770167]
Beta energies:   [-0.409485 -0.396139 -0.396139 -0.394486 -0.394486 -0.225923] <- HOMO
         LUMO->  [0.527404 0.611077 0.628466 0.628466 0.684957 0.770167]
time for xg, H, S2, Yg, Feff: 0.036

***************
SUHF converged at cycle 41
Final E(SUHF) =  -2086.32909103, delta E =          0, MaxD(dm) = 1.73085e-08, RMSD(dm) = 7.96988e-08
time for cyc: 42.081
**** Extra Cycle 43 ****
detC 0.9999999999999999
detNg [       1.00518         1.145539        2.117639        9.999493      174.347096    12428.521059  2013490.492113 77251888.947288]
xg [0.994846 0.872952 0.472224 0.100005 0.005736 0.00008  0.       0.      ]
ciS 0.32120491227071885
ciH -719.0917566980348
S2 = 0.000160
Hsp + Hph =  -2238.7321277701003
Alpha occ 24 vir 38; Beta occ 24 vir 38
Alpha energies:  [-0.409485 -0.396139 -0.396139 -0.394486 -0.394486 -0.225923] <- HOMO
         LUMO->  [0.027404 0.111077 0.128466 0.128466 0.184957 0.270167]
Beta energies:   [-0.409485 -0.396139 -0.396139 -0.394486 -0.394486 -0.225923] <- HOMO
         LUMO->  [0.027404 0.111077 0.128466 0.128466 0.184957 0.270167]
Extra E(SUHF) =  -2086.32909103, delta E =          0, MaxD(dm) = 2.52828e-08, RMSD(dm) = 1.12519e-07
******* suhf density *****
Clebsch-Gordan coeff: < 0 0 0 0 | 0 0 > = 1
Clebsch-Gordan coeff: < 0 0 1 0 | 0 0 > = 0
xggint 1.0
SUHF NO occ alpha:  1.000000  1.000000  1.000000  1.000000  1.000000  1.000000  1.000000  1.000000  1.000000  1.000000  1.000000  1.000000  0.999999  0.999999  0.999997  0.999997  0.999994  0.999991  0.860244  0.671943  0.671943  0.654463  0.548235  0.548235  0.451765  0.451765  0.345537  0.328057  0.328057  0.139756  0.000009  0.000006  0.000003  0.000003  ...
SUHF NO occ beta:   1.000000  1.000000  1.000000  1.000000  1.000000  1.000000  1.000000  1.000000  1.000000  1.000000  1.000000  1.000000  0.999999  0.999999  0.999997  0.999997  0.999994  0.999991  0.860244  0.671943  0.671943  0.654463  0.548235  0.548235  0.451765  0.451765  0.345537  0.328057  0.328057  0.139756  0.000009  0.000006  0.000003  0.000003  ...
SUHF NO occ total:  2.000000  2.000000  2.000000  2.000000  2.000000  2.000000  2.000000  2.000000  2.000000  2.000000  2.000000  2.000000  1.999998  1.999998  1.999994  1.999994  1.999989  1.999983  1.720488  1.343887  1.343887  1.308925  1.096471  1.096471  0.903529  0.903529  0.691075  0.656113  0.656113  0.279512  0.000017  0.000011  0.000006  0.000006  0.000002  0.000002  ...
core 18, active 12, external 32
time for dm: 1.661
time tot: 43.747
